S -> [q0 Z q2]
[q0 ( q0] -> A[q0 A q0][q0 ( q0]
[q0 ( q0] -> A[q0 A q1][q1 ( q0]
[q0 ( q0] -> A[q0 A q2][q2 ( q0]
[q0 ( q0] -> A[q0 A q3][q3 ( q0]
[q0 ( q0] -> A[q0 A q4][q4 ( q0]
[q0 ( q0] -> A[q0 A q5][q5 ( q0]
[q0 ( q0] -> A[q0 A q6][q6 ( q0]
[q0 ( q1] -> A[q0 A q0][q0 ( q1]
[q0 ( q1] -> A[q0 A q1][q1 ( q1]
[q0 ( q1] -> A[q0 A q2][q2 ( q1]
[q0 ( q1] -> A[q0 A q3][q3 ( q1]
[q0 ( q1] -> A[q0 A q4][q4 ( q1]
[q0 ( q1] -> A[q0 A q5][q5 ( q1]
[q0 ( q1] -> A[q0 A q6][q6 ( q1]
[q0 ( q2] -> A[q0 A q0][q0 ( q2]
[q0 ( q2] -> A[q0 A q1][q1 ( q2]
[q0 ( q2] -> A[q0 A q2][q2 ( q2]
[q0 ( q2] -> A[q0 A q3][q3 ( q2]
[q0 ( q2] -> A[q0 A q4][q4 ( q2]
[q0 ( q2] -> A[q0 A q5][q5 ( q2]
[q0 ( q2] -> A[q0 A q6][q6 ( q2]
[q0 ( q3] -> A[q0 A q0][q0 ( q3]
[q0 ( q3] -> A[q0 A q1][q1 ( q3]
[q0 ( q3] -> A[q0 A q2][q2 ( q3]
[q0 ( q3] -> A[q0 A q3][q3 ( q3]
[q0 ( q3] -> A[q0 A q4][q4 ( q3]
[q0 ( q3] -> A[q0 A q5][q5 ( q3]
[q0 ( q3] -> A[q0 A q6][q6 ( q3]
[q0 ( q4] -> A[q0 A q0][q0 ( q4]
[q0 ( q4] -> A[q0 A q1][q1 ( q4]
[q0 ( q4] -> A[q0 A q2][q2 ( q4]
[q0 ( q4] -> A[q0 A q3][q3 ( q4]
[q0 ( q4] -> A[q0 A q4][q4 ( q4]
[q0 ( q4] -> A[q0 A q5][q5 ( q4]
[q0 ( q4] -> A[q0 A q6][q6 ( q4]
[q0 ( q5] -> A[q0 A q0][q0 ( q5]
[q0 ( q5] -> A[q0 A q1][q1 ( q5]
[q0 ( q5] -> A[q0 A q2][q2 ( q5]
[q0 ( q5] -> A[q0 A q3][q3 ( q5]
[q0 ( q5] -> A[q0 A q4][q4 ( q5]
[q0 ( q5] -> A[q0 A q5][q5 ( q5]
[q0 ( q5] -> A[q0 A q6][q6 ( q5]
[q0 ( q6] -> A[q0 A q0][q0 ( q6]
[q0 ( q6] -> A[q0 A q1][q1 ( q6]
[q0 ( q6] -> A[q0 A q2][q2 ( q6]
[q0 ( q6] -> A[q0 A q3][q3 ( q6]
[q0 ( q6] -> A[q0 A q4][q4 ( q6]
[q0 ( q6] -> A[q0 A q5][q5 ( q6]
[q0 ( q6] -> A[q0 A q6][q6 ( q6]
[q0 + q0] -> A[q0 A q0][q0 + q0]
[q0 + q0] -> A[q0 A q1][q1 + q0]
[q0 + q0] -> A[q0 A q2][q2 + q0]
[q0 + q0] -> A[q0 A q3][q3 + q0]
[q0 + q0] -> A[q0 A q4][q4 + q0]
[q0 + q0] -> A[q0 A q5][q5 + q0]
[q0 + q0] -> A[q0 A q6][q6 + q0]
[q0 + q1] -> A[q0 A q0][q0 + q1]
[q0 + q1] -> A[q0 A q1][q1 + q1]
[q0 + q1] -> A[q0 A q2][q2 + q1]
[q0 + q1] -> A[q0 A q3][q3 + q1]
[q0 + q1] -> A[q0 A q4][q4 + q1]
[q0 + q1] -> A[q0 A q5][q5 + q1]
[q0 + q1] -> A[q0 A q6][q6 + q1]
[q0 + q2] -> A[q0 A q0][q0 + q2]
[q0 + q2] -> A[q0 A q1][q1 + q2]
[q0 + q2] -> A[q0 A q2][q2 + q2]
[q0 + q2] -> A[q0 A q3][q3 + q2]
[q0 + q2] -> A[q0 A q4][q4 + q2]
[q0 + q2] -> A[q0 A q5][q5 + q2]
[q0 + q2] -> A[q0 A q6][q6 + q2]
[q0 + q3] -> A[q0 A q0][q0 + q3]
[q0 + q3] -> A[q0 A q1][q1 + q3]
[q0 + q3] -> A[q0 A q2][q2 + q3]
[q0 + q3] -> A[q0 A q3][q3 + q3]
[q0 + q3] -> A[q0 A q4][q4 + q3]
[q0 + q3] -> A[q0 A q5][q5 + q3]
[q0 + q3] -> A[q0 A q6][q6 + q3]
[q0 + q4] -> A[q0 A q0][q0 + q4]
[q0 + q4] -> A[q0 A q1][q1 + q4]
[q0 + q4] -> A[q0 A q2][q2 + q4]
[q0 + q4] -> A[q0 A q3][q3 + q4]
[q0 + q4] -> A[q0 A q4][q4 + q4]
[q0 + q4] -> A[q0 A q5][q5 + q4]
[q0 + q4] -> A[q0 A q6][q6 + q4]
[q0 + q5] -> A[q0 A q0][q0 + q5]
[q0 + q5] -> A[q0 A q1][q1 + q5]
[q0 + q5] -> A[q0 A q2][q2 + q5]
[q0 + q5] -> A[q0 A q3][q3 + q5]
[q0 + q5] -> A[q0 A q4][q4 + q5]
[q0 + q5] -> A[q0 A q5][q5 + q5]
[q0 + q5] -> A[q0 A q6][q6 + q5]
[q0 + q6] -> A[q0 A q0][q0 + q6]
[q0 + q6] -> A[q0 A q1][q1 + q6]
[q0 + q6] -> A[q0 A q2][q2 + q6]
[q0 + q6] -> A[q0 A q3][q3 + q6]
[q0 + q6] -> A[q0 A q4][q4 + q6]
[q0 + q6] -> A[q0 A q5][q5 + q6]
[q0 + q6] -> A[q0 A q6][q6 + q6]
[q0 - q0] -> A[q0 A q0][q0 - q0]
[q0 - q0] -> A[q0 A q1][q1 - q0]
[q0 - q0] -> A[q0 A q2][q2 - q0]
[q0 - q0] -> A[q0 A q3][q3 - q0]
[q0 - q0] -> A[q0 A q4][q4 - q0]
[q0 - q0] -> A[q0 A q5][q5 - q0]
[q0 - q0] -> A[q0 A q6][q6 - q0]
[q0 - q1] -> A[q0 A q0][q0 - q1]
[q0 - q1] -> A[q0 A q1][q1 - q1]
[q0 - q1] -> A[q0 A q2][q2 - q1]
[q0 - q1] -> A[q0 A q3][q3 - q1]
[q0 - q1] -> A[q0 A q4][q4 - q1]
[q0 - q1] -> A[q0 A q5][q5 - q1]
[q0 - q1] -> A[q0 A q6][q6 - q1]
[q0 - q2] -> A[q0 A q0][q0 - q2]
[q0 - q2] -> A[q0 A q1][q1 - q2]
[q0 - q2] -> A[q0 A q2][q2 - q2]
[q0 - q2] -> A[q0 A q3][q3 - q2]
[q0 - q2] -> A[q0 A q4][q4 - q2]
[q0 - q2] -> A[q0 A q5][q5 - q2]
[q0 - q2] -> A[q0 A q6][q6 - q2]
[q0 - q3] -> A[q0 A q0][q0 - q3]
[q0 - q3] -> A[q0 A q1][q1 - q3]
[q0 - q3] -> A[q0 A q2][q2 - q3]
[q0 - q3] -> A[q0 A q3][q3 - q3]
[q0 - q3] -> A[q0 A q4][q4 - q3]
[q0 - q3] -> A[q0 A q5][q5 - q3]
[q0 - q3] -> A[q0 A q6][q6 - q3]
[q0 - q4] -> A[q0 A q0][q0 - q4]
[q0 - q4] -> A[q0 A q1][q1 - q4]
[q0 - q4] -> A[q0 A q2][q2 - q4]
[q0 - q4] -> A[q0 A q3][q3 - q4]
[q0 - q4] -> A[q0 A q4][q4 - q4]
[q0 - q4] -> A[q0 A q5][q5 - q4]
[q0 - q4] -> A[q0 A q6][q6 - q4]
[q0 - q5] -> A[q0 A q0][q0 - q5]
[q0 - q5] -> A[q0 A q1][q1 - q5]
[q0 - q5] -> A[q0 A q2][q2 - q5]
[q0 - q5] -> A[q0 A q3][q3 - q5]
[q0 - q5] -> A[q0 A q4][q4 - q5]
[q0 - q5] -> A[q0 A q5][q5 - q5]
[q0 - q5] -> A[q0 A q6][q6 - q5]
[q0 - q6] -> A[q0 A q0][q0 - q6]
[q0 - q6] -> A[q0 A q1][q1 - q6]
[q0 - q6] -> A[q0 A q2][q2 - q6]
[q0 - q6] -> A[q0 A q3][q3 - q6]
[q0 - q6] -> A[q0 A q4][q4 - q6]
[q0 - q6] -> A[q0 A q5][q5 - q6]
[q0 - q6] -> A[q0 A q6][q6 - q6]
[q0 * q0] -> A[q0 A q0][q0 * q0]
[q0 * q0] -> A[q0 A q1][q1 * q0]
[q0 * q0] -> A[q0 A q2][q2 * q0]
[q0 * q0] -> A[q0 A q3][q3 * q0]
[q0 * q0] -> A[q0 A q4][q4 * q0]
[q0 * q0] -> A[q0 A q5][q5 * q0]
[q0 * q0] -> A[q0 A q6][q6 * q0]
[q0 * q1] -> A[q0 A q0][q0 * q1]
[q0 * q1] -> A[q0 A q1][q1 * q1]
[q0 * q1] -> A[q0 A q2][q2 * q1]
[q0 * q1] -> A[q0 A q3][q3 * q1]
[q0 * q1] -> A[q0 A q4][q4 * q1]
[q0 * q1] -> A[q0 A q5][q5 * q1]
[q0 * q1] -> A[q0 A q6][q6 * q1]
[q0 * q2] -> A[q0 A q0][q0 * q2]
[q0 * q2] -> A[q0 A q1][q1 * q2]
[q0 * q2] -> A[q0 A q2][q2 * q2]
[q0 * q2] -> A[q0 A q3][q3 * q2]
[q0 * q2] -> A[q0 A q4][q4 * q2]
[q0 * q2] -> A[q0 A q5][q5 * q2]
[q0 * q2] -> A[q0 A q6][q6 * q2]
[q0 * q3] -> A[q0 A q0][q0 * q3]
[q0 * q3] -> A[q0 A q1][q1 * q3]
[q0 * q3] -> A[q0 A q2][q2 * q3]
[q0 * q3] -> A[q0 A q3][q3 * q3]
[q0 * q3] -> A[q0 A q4][q4 * q3]
[q0 * q3] -> A[q0 A q5][q5 * q3]
[q0 * q3] -> A[q0 A q6][q6 * q3]
[q0 * q4] -> A[q0 A q0][q0 * q4]
[q0 * q4] -> A[q0 A q1][q1 * q4]
[q0 * q4] -> A[q0 A q2][q2 * q4]
[q0 * q4] -> A[q0 A q3][q3 * q4]
[q0 * q4] -> A[q0 A q4][q4 * q4]
[q0 * q4] -> A[q0 A q5][q5 * q4]
[q0 * q4] -> A[q0 A q6][q6 * q4]
[q0 * q5] -> A[q0 A q0][q0 * q5]
[q0 * q5] -> A[q0 A q1][q1 * q5]
[q0 * q5] -> A[q0 A q2][q2 * q5]
[q0 * q5] -> A[q0 A q3][q3 * q5]
[q0 * q5] -> A[q0 A q4][q4 * q5]
[q0 * q5] -> A[q0 A q5][q5 * q5]
[q0 * q5] -> A[q0 A q6][q6 * q5]
[q0 * q6] -> A[q0 A q0][q0 * q6]
[q0 * q6] -> A[q0 A q1][q1 * q6]
[q0 * q6] -> A[q0 A q2][q2 * q6]
[q0 * q6] -> A[q0 A q3][q3 * q6]
[q0 * q6] -> A[q0 A q4][q4 * q6]
[q0 * q6] -> A[q0 A q5][q5 * q6]
[q0 * q6] -> A[q0 A q6][q6 * q6]
[q0 / q0] -> A[q0 A q0][q0 / q0]
[q0 / q0] -> A[q0 A q1][q1 / q0]
[q0 / q0] -> A[q0 A q2][q2 / q0]
[q0 / q0] -> A[q0 A q3][q3 / q0]
[q0 / q0] -> A[q0 A q4][q4 / q0]
[q0 / q0] -> A[q0 A q5][q5 / q0]
[q0 / q0] -> A[q0 A q6][q6 / q0]
[q0 / q1] -> A[q0 A q0][q0 / q1]
[q0 / q1] -> A[q0 A q1][q1 / q1]
[q0 / q1] -> A[q0 A q2][q2 / q1]
[q0 / q1] -> A[q0 A q3][q3 / q1]
[q0 / q1] -> A[q0 A q4][q4 / q1]
[q0 / q1] -> A[q0 A q5][q5 / q1]
[q0 / q1] -> A[q0 A q6][q6 / q1]
[q0 / q2] -> A[q0 A q0][q0 / q2]
[q0 / q2] -> A[q0 A q1][q1 / q2]
[q0 / q2] -> A[q0 A q2][q2 / q2]
[q0 / q2] -> A[q0 A q3][q3 / q2]
[q0 / q2] -> A[q0 A q4][q4 / q2]
[q0 / q2] -> A[q0 A q5][q5 / q2]
[q0 / q2] -> A[q0 A q6][q6 / q2]
[q0 / q3] -> A[q0 A q0][q0 / q3]
[q0 / q3] -> A[q0 A q1][q1 / q3]
[q0 / q3] -> A[q0 A q2][q2 / q3]
[q0 / q3] -> A[q0 A q3][q3 / q3]
[q0 / q3] -> A[q0 A q4][q4 / q3]
[q0 / q3] -> A[q0 A q5][q5 / q3]
[q0 / q3] -> A[q0 A q6][q6 / q3]
[q0 / q4] -> A[q0 A q0][q0 / q4]
[q0 / q4] -> A[q0 A q1][q1 / q4]
[q0 / q4] -> A[q0 A q2][q2 / q4]
[q0 / q4] -> A[q0 A q3][q3 / q4]
[q0 / q4] -> A[q0 A q4][q4 / q4]
[q0 / q4] -> A[q0 A q5][q5 / q4]
[q0 / q4] -> A[q0 A q6][q6 / q4]
[q0 / q5] -> A[q0 A q0][q0 / q5]
[q0 / q5] -> A[q0 A q1][q1 / q5]
[q0 / q5] -> A[q0 A q2][q2 / q5]
[q0 / q5] -> A[q0 A q3][q3 / q5]
[q0 / q5] -> A[q0 A q4][q4 / q5]
[q0 / q5] -> A[q0 A q5][q5 / q5]
[q0 / q5] -> A[q0 A q6][q6 / q5]
[q0 / q6] -> A[q0 A q0][q0 / q6]
[q0 / q6] -> A[q0 A q1][q1 / q6]
[q0 / q6] -> A[q0 A q2][q2 / q6]
[q0 / q6] -> A[q0 A q3][q3 / q6]
[q0 / q6] -> A[q0 A q4][q4 / q6]
[q0 / q6] -> A[q0 A q5][q5 / q6]
[q0 / q6] -> A[q0 A q6][q6 / q6]
[q0 e q0] -> -[q0 - q0]
[q0 e q1] -> -[q0 - q1]
[q0 e q2] -> -[q0 - q2]
[q0 e q3] -> -[q0 - q3]
[q0 e q4] -> -[q0 - q4]
[q0 e q5] -> -[q0 - q5]
[q0 e q6] -> -[q0 - q6]
[q0 A q0] -> *[q0 * q0][q0 A q0]
[q0 A q0] -> *[q0 * q1][q1 A q0]
[q0 A q0] -> *[q0 * q2][q2 A q0]
[q0 A q0] -> *[q0 * q3][q3 A q0]
[q0 A q0] -> *[q0 * q4][q4 A q0]
[q0 A q0] -> *[q0 * q5][q5 A q0]
[q0 A q0] -> *[q0 * q6][q6 A q0]
[q0 A q1] -> *[q0 * q0][q0 A q1]
[q0 A q1] -> *[q0 * q1][q1 A q1]
[q0 A q1] -> *[q0 * q2][q2 A q1]
[q0 A q1] -> *[q0 * q3][q3 A q1]
[q0 A q1] -> *[q0 * q4][q4 A q1]
[q0 A q1] -> *[q0 * q5][q5 A q1]
[q0 A q1] -> *[q0 * q6][q6 A q1]
[q0 A q2] -> *[q0 * q0][q0 A q2]
[q0 A q2] -> *[q0 * q1][q1 A q2]
[q0 A q2] -> *[q0 * q2][q2 A q2]
[q0 A q2] -> *[q0 * q3][q3 A q2]
[q0 A q2] -> *[q0 * q4][q4 A q2]
[q0 A q2] -> *[q0 * q5][q5 A q2]
[q0 A q2] -> *[q0 * q6][q6 A q2]
[q0 A q3] -> *[q0 * q0][q0 A q3]
[q0 A q3] -> *[q0 * q1][q1 A q3]
[q0 A q3] -> *[q0 * q2][q2 A q3]
[q0 A q3] -> *[q0 * q3][q3 A q3]
[q0 A q3] -> *[q0 * q4][q4 A q3]
[q0 A q3] -> *[q0 * q5][q5 A q3]
[q0 A q3] -> *[q0 * q6][q6 A q3]
[q0 A q4] -> *[q0 * q0][q0 A q4]
[q0 A q4] -> *[q0 * q1][q1 A q4]
[q0 A q4] -> *[q0 * q2][q2 A q4]
[q0 A q4] -> *[q0 * q3][q3 A q4]
[q0 A q4] -> *[q0 * q4][q4 A q4]
[q0 A q4] -> *[q0 * q5][q5 A q4]
[q0 A q4] -> *[q0 * q6][q6 A q4]
[q0 A q5] -> *[q0 * q0][q0 A q5]
[q0 A q5] -> *[q0 * q1][q1 A q5]
[q0 A q5] -> *[q0 * q2][q2 A q5]
[q0 A q5] -> *[q0 * q3][q3 A q5]
[q0 A q5] -> *[q0 * q4][q4 A q5]
[q0 A q5] -> *[q0 * q5][q5 A q5]
[q0 A q5] -> *[q0 * q6][q6 A q5]
[q0 A q6] -> *[q0 * q0][q0 A q6]
[q0 A q6] -> *[q0 * q1][q1 A q6]
[q0 A q6] -> *[q0 * q2][q2 A q6]
[q0 A q6] -> *[q0 * q3][q3 A q6]
[q0 A q6] -> *[q0 * q4][q4 A q6]
[q0 A q6] -> *[q0 * q5][q5 A q6]
[q0 A q6] -> *[q0 * q6][q6 A q6]
[q0 + q0] -> ([q0 ( q0][q0 + q0]
[q0 + q0] -> ([q0 ( q1][q1 + q0]
[q0 + q0] -> ([q0 ( q2][q2 + q0]
[q0 + q0] -> ([q0 ( q3][q3 + q0]
[q0 + q0] -> ([q0 ( q4][q4 + q0]
[q0 + q0] -> ([q0 ( q5][q5 + q0]
[q0 + q0] -> ([q0 ( q6][q6 + q0]
[q0 + q1] -> ([q0 ( q0][q0 + q1]
[q0 + q1] -> ([q0 ( q1][q1 + q1]
[q0 + q1] -> ([q0 ( q2][q2 + q1]
[q0 + q1] -> ([q0 ( q3][q3 + q1]
[q0 + q1] -> ([q0 ( q4][q4 + q1]
[q0 + q1] -> ([q0 ( q5][q5 + q1]
[q0 + q1] -> ([q0 ( q6][q6 + q1]
[q0 + q2] -> ([q0 ( q0][q0 + q2]
[q0 + q2] -> ([q0 ( q1][q1 + q2]
[q0 + q2] -> ([q0 ( q2][q2 + q2]
[q0 + q2] -> ([q0 ( q3][q3 + q2]
[q0 + q2] -> ([q0 ( q4][q4 + q2]
[q0 + q2] -> ([q0 ( q5][q5 + q2]
[q0 + q2] -> ([q0 ( q6][q6 + q2]
[q0 + q3] -> ([q0 ( q0][q0 + q3]
[q0 + q3] -> ([q0 ( q1][q1 + q3]
[q0 + q3] -> ([q0 ( q2][q2 + q3]
[q0 + q3] -> ([q0 ( q3][q3 + q3]
[q0 + q3] -> ([q0 ( q4][q4 + q3]
[q0 + q3] -> ([q0 ( q5][q5 + q3]
[q0 + q3] -> ([q0 ( q6][q6 + q3]
[q0 + q4] -> ([q0 ( q0][q0 + q4]
[q0 + q4] -> ([q0 ( q1][q1 + q4]
[q0 + q4] -> ([q0 ( q2][q2 + q4]
[q0 + q4] -> ([q0 ( q3][q3 + q4]
[q0 + q4] -> ([q0 ( q4][q4 + q4]
[q0 + q4] -> ([q0 ( q5][q5 + q4]
[q0 + q4] -> ([q0 ( q6][q6 + q4]
[q0 + q5] -> ([q0 ( q0][q0 + q5]
[q0 + q5] -> ([q0 ( q1][q1 + q5]
[q0 + q5] -> ([q0 ( q2][q2 + q5]
[q0 + q5] -> ([q0 ( q3][q3 + q5]
[q0 + q5] -> ([q0 ( q4][q4 + q5]
[q0 + q5] -> ([q0 ( q5][q5 + q5]
[q0 + q5] -> ([q0 ( q6][q6 + q5]
[q0 + q6] -> ([q0 ( q0][q0 + q6]
[q0 + q6] -> ([q0 ( q1][q1 + q6]
[q0 + q6] -> ([q0 ( q2][q2 + q6]
[q0 + q6] -> ([q0 ( q3][q3 + q6]
[q0 + q6] -> ([q0 ( q4][q4 + q6]
[q0 + q6] -> ([q0 ( q5][q5 + q6]
[q0 + q6] -> ([q0 ( q6][q6 + q6]
[q0 - q0] -> ([q0 ( q0][q0 - q0]
[q0 - q0] -> ([q0 ( q1][q1 - q0]
[q0 - q0] -> ([q0 ( q2][q2 - q0]
[q0 - q0] -> ([q0 ( q3][q3 - q0]
[q0 - q0] -> ([q0 ( q4][q4 - q0]
[q0 - q0] -> ([q0 ( q5][q5 - q0]
[q0 - q0] -> ([q0 ( q6][q6 - q0]
[q0 - q1] -> ([q0 ( q0][q0 - q1]
[q0 - q1] -> ([q0 ( q1][q1 - q1]
[q0 - q1] -> ([q0 ( q2][q2 - q1]
[q0 - q1] -> ([q0 ( q3][q3 - q1]
[q0 - q1] -> ([q0 ( q4][q4 - q1]
[q0 - q1] -> ([q0 ( q5][q5 - q1]
[q0 - q1] -> ([q0 ( q6][q6 - q1]
[q0 - q2] -> ([q0 ( q0][q0 - q2]
[q0 - q2] -> ([q0 ( q1][q1 - q2]
[q0 - q2] -> ([q0 ( q2][q2 - q2]
[q0 - q2] -> ([q0 ( q3][q3 - q2]
[q0 - q2] -> ([q0 ( q4][q4 - q2]
[q0 - q2] -> ([q0 ( q5][q5 - q2]
[q0 - q2] -> ([q0 ( q6][q6 - q2]
[q0 - q3] -> ([q0 ( q0][q0 - q3]
[q0 - q3] -> ([q0 ( q1][q1 - q3]
[q0 - q3] -> ([q0 ( q2][q2 - q3]
[q0 - q3] -> ([q0 ( q3][q3 - q3]
[q0 - q3] -> ([q0 ( q4][q4 - q3]
[q0 - q3] -> ([q0 ( q5][q5 - q3]
[q0 - q3] -> ([q0 ( q6][q6 - q3]
[q0 - q4] -> ([q0 ( q0][q0 - q4]
[q0 - q4] -> ([q0 ( q1][q1 - q4]
[q0 - q4] -> ([q0 ( q2][q2 - q4]
[q0 - q4] -> ([q0 ( q3][q3 - q4]
[q0 - q4] -> ([q0 ( q4][q4 - q4]
[q0 - q4] -> ([q0 ( q5][q5 - q4]
[q0 - q4] -> ([q0 ( q6][q6 - q4]
[q0 - q5] -> ([q0 ( q0][q0 - q5]
[q0 - q5] -> ([q0 ( q1][q1 - q5]
[q0 - q5] -> ([q0 ( q2][q2 - q5]
[q0 - q5] -> ([q0 ( q3][q3 - q5]
[q0 - q5] -> ([q0 ( q4][q4 - q5]
[q0 - q5] -> ([q0 ( q5][q5 - q5]
[q0 - q5] -> ([q0 ( q6][q6 - q5]
[q0 - q6] -> ([q0 ( q0][q0 - q6]
[q0 - q6] -> ([q0 ( q1][q1 - q6]
[q0 - q6] -> ([q0 ( q2][q2 - q6]
[q0 - q6] -> ([q0 ( q3][q3 - q6]
[q0 - q6] -> ([q0 ( q4][q4 - q6]
[q0 - q6] -> ([q0 ( q5][q5 - q6]
[q0 - q6] -> ([q0 ( q6][q6 - q6]
[q0 / q0] -> ([q0 ( q0][q0 / q0]
[q0 / q0] -> ([q0 ( q1][q1 / q0]
[q0 / q0] -> ([q0 ( q2][q2 / q0]
[q0 / q0] -> ([q0 ( q3][q3 / q0]
[q0 / q0] -> ([q0 ( q4][q4 / q0]
[q0 / q0] -> ([q0 ( q5][q5 / q0]
[q0 / q0] -> ([q0 ( q6][q6 / q0]
[q0 / q1] -> ([q0 ( q0][q0 / q1]
[q0 / q1] -> ([q0 ( q1][q1 / q1]
[q0 / q1] -> ([q0 ( q2][q2 / q1]
[q0 / q1] -> ([q0 ( q3][q3 / q1]
[q0 / q1] -> ([q0 ( q4][q4 / q1]
[q0 / q1] -> ([q0 ( q5][q5 / q1]
[q0 / q1] -> ([q0 ( q6][q6 / q1]
[q0 / q2] -> ([q0 ( q0][q0 / q2]
[q0 / q2] -> ([q0 ( q1][q1 / q2]
[q0 / q2] -> ([q0 ( q2][q2 / q2]
[q0 / q2] -> ([q0 ( q3][q3 / q2]
[q0 / q2] -> ([q0 ( q4][q4 / q2]
[q0 / q2] -> ([q0 ( q5][q5 / q2]
[q0 / q2] -> ([q0 ( q6][q6 / q2]
[q0 / q3] -> ([q0 ( q0][q0 / q3]
[q0 / q3] -> ([q0 ( q1][q1 / q3]
[q0 / q3] -> ([q0 ( q2][q2 / q3]
[q0 / q3] -> ([q0 ( q3][q3 / q3]
[q0 / q3] -> ([q0 ( q4][q4 / q3]
[q0 / q3] -> ([q0 ( q5][q5 / q3]
[q0 / q3] -> ([q0 ( q6][q6 / q3]
[q0 / q4] -> ([q0 ( q0][q0 / q4]
[q0 / q4] -> ([q0 ( q1][q1 / q4]
[q0 / q4] -> ([q0 ( q2][q2 / q4]
[q0 / q4] -> ([q0 ( q3][q3 / q4]
[q0 / q4] -> ([q0 ( q4][q4 / q4]
[q0 / q4] -> ([q0 ( q5][q5 / q4]
[q0 / q4] -> ([q0 ( q6][q6 / q4]
[q0 / q5] -> ([q0 ( q0][q0 / q5]
[q0 / q5] -> ([q0 ( q1][q1 / q5]
[q0 / q5] -> ([q0 ( q2][q2 / q5]
[q0 / q5] -> ([q0 ( q3][q3 / q5]
[q0 / q5] -> ([q0 ( q4][q4 / q5]
[q0 / q5] -> ([q0 ( q5][q5 / q5]
[q0 / q5] -> ([q0 ( q6][q6 / q5]
[q0 / q6] -> ([q0 ( q0][q0 / q6]
[q0 / q6] -> ([q0 ( q1][q1 / q6]
[q0 / q6] -> ([q0 ( q2][q2 / q6]
[q0 / q6] -> ([q0 ( q3][q3 / q6]
[q0 / q6] -> ([q0 ( q4][q4 / q6]
[q0 / q6] -> ([q0 ( q5][q5 / q6]
[q0 / q6] -> ([q0 ( q6][q6 / q6]
[q0 * q0] -> ([q0 ( q0][q0 * q0]
[q0 * q0] -> ([q0 ( q1][q1 * q0]
[q0 * q0] -> ([q0 ( q2][q2 * q0]
[q0 * q0] -> ([q0 ( q3][q3 * q0]
[q0 * q0] -> ([q0 ( q4][q4 * q0]
[q0 * q0] -> ([q0 ( q5][q5 * q0]
[q0 * q0] -> ([q0 ( q6][q6 * q0]
[q0 * q1] -> ([q0 ( q0][q0 * q1]
[q0 * q1] -> ([q0 ( q1][q1 * q1]
[q0 * q1] -> ([q0 ( q2][q2 * q1]
[q0 * q1] -> ([q0 ( q3][q3 * q1]
[q0 * q1] -> ([q0 ( q4][q4 * q1]
[q0 * q1] -> ([q0 ( q5][q5 * q1]
[q0 * q1] -> ([q0 ( q6][q6 * q1]
[q0 * q2] -> ([q0 ( q0][q0 * q2]
[q0 * q2] -> ([q0 ( q1][q1 * q2]
[q0 * q2] -> ([q0 ( q2][q2 * q2]
[q0 * q2] -> ([q0 ( q3][q3 * q2]
[q0 * q2] -> ([q0 ( q4][q4 * q2]
[q0 * q2] -> ([q0 ( q5][q5 * q2]
[q0 * q2] -> ([q0 ( q6][q6 * q2]
[q0 * q3] -> ([q0 ( q0][q0 * q3]
[q0 * q3] -> ([q0 ( q1][q1 * q3]
[q0 * q3] -> ([q0 ( q2][q2 * q3]
[q0 * q3] -> ([q0 ( q3][q3 * q3]
[q0 * q3] -> ([q0 ( q4][q4 * q3]
[q0 * q3] -> ([q0 ( q5][q5 * q3]
[q0 * q3] -> ([q0 ( q6][q6 * q3]
[q0 * q4] -> ([q0 ( q0][q0 * q4]
[q0 * q4] -> ([q0 ( q1][q1 * q4]
[q0 * q4] -> ([q0 ( q2][q2 * q4]
[q0 * q4] -> ([q0 ( q3][q3 * q4]
[q0 * q4] -> ([q0 ( q4][q4 * q4]
[q0 * q4] -> ([q0 ( q5][q5 * q4]
[q0 * q4] -> ([q0 ( q6][q6 * q4]
[q0 * q5] -> ([q0 ( q0][q0 * q5]
[q0 * q5] -> ([q0 ( q1][q1 * q5]
[q0 * q5] -> ([q0 ( q2][q2 * q5]
[q0 * q5] -> ([q0 ( q3][q3 * q5]
[q0 * q5] -> ([q0 ( q4][q4 * q5]
[q0 * q5] -> ([q0 ( q5][q5 * q5]
[q0 * q5] -> ([q0 ( q6][q6 * q5]
[q0 * q6] -> ([q0 ( q0][q0 * q6]
[q0 * q6] -> ([q0 ( q1][q1 * q6]
[q0 * q6] -> ([q0 ( q2][q2 * q6]
[q0 * q6] -> ([q0 ( q3][q3 * q6]
[q0 * q6] -> ([q0 ( q4][q4 * q6]
[q0 * q6] -> ([q0 ( q5][q5 * q6]
[q0 * q6] -> ([q0 ( q6][q6 * q6]
[q0 ( q0] -> ([q0 ( q0][q0 ( q0]
[q0 ( q0] -> ([q0 ( q1][q1 ( q0]
[q0 ( q0] -> ([q0 ( q2][q2 ( q0]
[q0 ( q0] -> ([q0 ( q3][q3 ( q0]
[q0 ( q0] -> ([q0 ( q4][q4 ( q0]
[q0 ( q0] -> ([q0 ( q5][q5 ( q0]
[q0 ( q0] -> ([q0 ( q6][q6 ( q0]
[q0 ( q1] -> ([q0 ( q0][q0 ( q1]
[q0 ( q1] -> ([q0 ( q1][q1 ( q1]
[q0 ( q1] -> ([q0 ( q2][q2 ( q1]
[q0 ( q1] -> ([q0 ( q3][q3 ( q1]
[q0 ( q1] -> ([q0 ( q4][q4 ( q1]
[q0 ( q1] -> ([q0 ( q5][q5 ( q1]
[q0 ( q1] -> ([q0 ( q6][q6 ( q1]
[q0 ( q2] -> ([q0 ( q0][q0 ( q2]
[q0 ( q2] -> ([q0 ( q1][q1 ( q2]
[q0 ( q2] -> ([q0 ( q2][q2 ( q2]
[q0 ( q2] -> ([q0 ( q3][q3 ( q2]
[q0 ( q2] -> ([q0 ( q4][q4 ( q2]
[q0 ( q2] -> ([q0 ( q5][q5 ( q2]
[q0 ( q2] -> ([q0 ( q6][q6 ( q2]
[q0 ( q3] -> ([q0 ( q0][q0 ( q3]
[q0 ( q3] -> ([q0 ( q1][q1 ( q3]
[q0 ( q3] -> ([q0 ( q2][q2 ( q3]
[q0 ( q3] -> ([q0 ( q3][q3 ( q3]
[q0 ( q3] -> ([q0 ( q4][q4 ( q3]
[q0 ( q3] -> ([q0 ( q5][q5 ( q3]
[q0 ( q3] -> ([q0 ( q6][q6 ( q3]
[q0 ( q4] -> ([q0 ( q0][q0 ( q4]
[q0 ( q4] -> ([q0 ( q1][q1 ( q4]
[q0 ( q4] -> ([q0 ( q2][q2 ( q4]
[q0 ( q4] -> ([q0 ( q3][q3 ( q4]
[q0 ( q4] -> ([q0 ( q4][q4 ( q4]
[q0 ( q4] -> ([q0 ( q5][q5 ( q4]
[q0 ( q4] -> ([q0 ( q6][q6 ( q4]
[q0 ( q5] -> ([q0 ( q0][q0 ( q5]
[q0 ( q5] -> ([q0 ( q1][q1 ( q5]
[q0 ( q5] -> ([q0 ( q2][q2 ( q5]
[q0 ( q5] -> ([q0 ( q3][q3 ( q5]
[q0 ( q5] -> ([q0 ( q4][q4 ( q5]
[q0 ( q5] -> ([q0 ( q5][q5 ( q5]
[q0 ( q5] -> ([q0 ( q6][q6 ( q5]
[q0 ( q6] -> ([q0 ( q0][q0 ( q6]
[q0 ( q6] -> ([q0 ( q1][q1 ( q6]
[q0 ( q6] -> ([q0 ( q2][q2 ( q6]
[q0 ( q6] -> ([q0 ( q3][q3 ( q6]
[q0 ( q6] -> ([q0 ( q4][q4 ( q6]
[q0 ( q6] -> ([q0 ( q5][q5 ( q6]
[q0 ( q6] -> ([q0 ( q6][q6 ( q6]
[q0 A q0] -> /[q0 / q0][q0 A q0]
[q0 A q0] -> /[q0 / q1][q1 A q0]
[q0 A q0] -> /[q0 / q2][q2 A q0]
[q0 A q0] -> /[q0 / q3][q3 A q0]
[q0 A q0] -> /[q0 / q4][q4 A q0]
[q0 A q0] -> /[q0 / q5][q5 A q0]
[q0 A q0] -> /[q0 / q6][q6 A q0]
[q0 A q1] -> /[q0 / q0][q0 A q1]
[q0 A q1] -> /[q0 / q1][q1 A q1]
[q0 A q1] -> /[q0 / q2][q2 A q1]
[q0 A q1] -> /[q0 / q3][q3 A q1]
[q0 A q1] -> /[q0 / q4][q4 A q1]
[q0 A q1] -> /[q0 / q5][q5 A q1]
[q0 A q1] -> /[q0 / q6][q6 A q1]
[q0 A q2] -> /[q0 / q0][q0 A q2]
[q0 A q2] -> /[q0 / q1][q1 A q2]
[q0 A q2] -> /[q0 / q2][q2 A q2]
[q0 A q2] -> /[q0 / q3][q3 A q2]
[q0 A q2] -> /[q0 / q4][q4 A q2]
[q0 A q2] -> /[q0 / q5][q5 A q2]
[q0 A q2] -> /[q0 / q6][q6 A q2]
[q0 A q3] -> /[q0 / q0][q0 A q3]
[q0 A q3] -> /[q0 / q1][q1 A q3]
[q0 A q3] -> /[q0 / q2][q2 A q3]
[q0 A q3] -> /[q0 / q3][q3 A q3]
[q0 A q3] -> /[q0 / q4][q4 A q3]
[q0 A q3] -> /[q0 / q5][q5 A q3]
[q0 A q3] -> /[q0 / q6][q6 A q3]
[q0 A q4] -> /[q0 / q0][q0 A q4]
[q0 A q4] -> /[q0 / q1][q1 A q4]
[q0 A q4] -> /[q0 / q2][q2 A q4]
[q0 A q4] -> /[q0 / q3][q3 A q4]
[q0 A q4] -> /[q0 / q4][q4 A q4]
[q0 A q4] -> /[q0 / q5][q5 A q4]
[q0 A q4] -> /[q0 / q6][q6 A q4]
[q0 A q5] -> /[q0 / q0][q0 A q5]
[q0 A q5] -> /[q0 / q1][q1 A q5]
[q0 A q5] -> /[q0 / q2][q2 A q5]
[q0 A q5] -> /[q0 / q3][q3 A q5]
[q0 A q5] -> /[q0 / q4][q4 A q5]
[q0 A q5] -> /[q0 / q5][q5 A q5]
[q0 A q5] -> /[q0 / q6][q6 A q5]
[q0 A q6] -> /[q0 / q0][q0 A q6]
[q0 A q6] -> /[q0 / q1][q1 A q6]
[q0 A q6] -> /[q0 / q2][q2 A q6]
[q0 A q6] -> /[q0 / q3][q3 A q6]
[q0 A q6] -> /[q0 / q4][q4 A q6]
[q0 A q6] -> /[q0 / q5][q5 A q6]
[q0 A q6] -> /[q0 / q6][q6 A q6]
[q0 ( q0] -> -[q0 - q0][q0 ( q0]
[q0 ( q0] -> -[q0 - q1][q1 ( q0]
[q0 ( q0] -> -[q0 - q2][q2 ( q0]
[q0 ( q0] -> -[q0 - q3][q3 ( q0]
[q0 ( q0] -> -[q0 - q4][q4 ( q0]
[q0 ( q0] -> -[q0 - q5][q5 ( q0]
[q0 ( q0] -> -[q0 - q6][q6 ( q0]
[q0 ( q1] -> -[q0 - q0][q0 ( q1]
[q0 ( q1] -> -[q0 - q1][q1 ( q1]
[q0 ( q1] -> -[q0 - q2][q2 ( q1]
[q0 ( q1] -> -[q0 - q3][q3 ( q1]
[q0 ( q1] -> -[q0 - q4][q4 ( q1]
[q0 ( q1] -> -[q0 - q5][q5 ( q1]
[q0 ( q1] -> -[q0 - q6][q6 ( q1]
[q0 ( q2] -> -[q0 - q0][q0 ( q2]
[q0 ( q2] -> -[q0 - q1][q1 ( q2]
[q0 ( q2] -> -[q0 - q2][q2 ( q2]
[q0 ( q2] -> -[q0 - q3][q3 ( q2]
[q0 ( q2] -> -[q0 - q4][q4 ( q2]
[q0 ( q2] -> -[q0 - q5][q5 ( q2]
[q0 ( q2] -> -[q0 - q6][q6 ( q2]
[q0 ( q3] -> -[q0 - q0][q0 ( q3]
[q0 ( q3] -> -[q0 - q1][q1 ( q3]
[q0 ( q3] -> -[q0 - q2][q2 ( q3]
[q0 ( q3] -> -[q0 - q3][q3 ( q3]
[q0 ( q3] -> -[q0 - q4][q4 ( q3]
[q0 ( q3] -> -[q0 - q5][q5 ( q3]
[q0 ( q3] -> -[q0 - q6][q6 ( q3]
[q0 ( q4] -> -[q0 - q0][q0 ( q4]
[q0 ( q4] -> -[q0 - q1][q1 ( q4]
[q0 ( q4] -> -[q0 - q2][q2 ( q4]
[q0 ( q4] -> -[q0 - q3][q3 ( q4]
[q0 ( q4] -> -[q0 - q4][q4 ( q4]
[q0 ( q4] -> -[q0 - q5][q5 ( q4]
[q0 ( q4] -> -[q0 - q6][q6 ( q4]
[q0 ( q5] -> -[q0 - q0][q0 ( q5]
[q0 ( q5] -> -[q0 - q1][q1 ( q5]
[q0 ( q5] -> -[q0 - q2][q2 ( q5]
[q0 ( q5] -> -[q0 - q3][q3 ( q5]
[q0 ( q5] -> -[q0 - q4][q4 ( q5]
[q0 ( q5] -> -[q0 - q5][q5 ( q5]
[q0 ( q5] -> -[q0 - q6][q6 ( q5]
[q0 ( q6] -> -[q0 - q0][q0 ( q6]
[q0 ( q6] -> -[q0 - q1][q1 ( q6]
[q0 ( q6] -> -[q0 - q2][q2 ( q6]
[q0 ( q6] -> -[q0 - q3][q3 ( q6]
[q0 ( q6] -> -[q0 - q4][q4 ( q6]
[q0 ( q6] -> -[q0 - q5][q5 ( q6]
[q0 ( q6] -> -[q0 - q6][q6 ( q6]
[q0 A q0] -> +[q0 + q0][q0 A q0]
[q0 A q0] -> +[q0 + q1][q1 A q0]
[q0 A q0] -> +[q0 + q2][q2 A q0]
[q0 A q0] -> +[q0 + q3][q3 A q0]
[q0 A q0] -> +[q0 + q4][q4 A q0]
[q0 A q0] -> +[q0 + q5][q5 A q0]
[q0 A q0] -> +[q0 + q6][q6 A q0]
[q0 A q1] -> +[q0 + q0][q0 A q1]
[q0 A q1] -> +[q0 + q1][q1 A q1]
[q0 A q1] -> +[q0 + q2][q2 A q1]
[q0 A q1] -> +[q0 + q3][q3 A q1]
[q0 A q1] -> +[q0 + q4][q4 A q1]
[q0 A q1] -> +[q0 + q5][q5 A q1]
[q0 A q1] -> +[q0 + q6][q6 A q1]
[q0 A q2] -> +[q0 + q0][q0 A q2]
[q0 A q2] -> +[q0 + q1][q1 A q2]
[q0 A q2] -> +[q0 + q2][q2 A q2]
[q0 A q2] -> +[q0 + q3][q3 A q2]
[q0 A q2] -> +[q0 + q4][q4 A q2]
[q0 A q2] -> +[q0 + q5][q5 A q2]
[q0 A q2] -> +[q0 + q6][q6 A q2]
[q0 A q3] -> +[q0 + q0][q0 A q3]
[q0 A q3] -> +[q0 + q1][q1 A q3]
[q0 A q3] -> +[q0 + q2][q2 A q3]
[q0 A q3] -> +[q0 + q3][q3 A q3]
[q0 A q3] -> +[q0 + q4][q4 A q3]
[q0 A q3] -> +[q0 + q5][q5 A q3]
[q0 A q3] -> +[q0 + q6][q6 A q3]
[q0 A q4] -> +[q0 + q0][q0 A q4]
[q0 A q4] -> +[q0 + q1][q1 A q4]
[q0 A q4] -> +[q0 + q2][q2 A q4]
[q0 A q4] -> +[q0 + q3][q3 A q4]
[q0 A q4] -> +[q0 + q4][q4 A q4]
[q0 A q4] -> +[q0 + q5][q5 A q4]
[q0 A q4] -> +[q0 + q6][q6 A q4]
[q0 A q5] -> +[q0 + q0][q0 A q5]
[q0 A q5] -> +[q0 + q1][q1 A q5]
[q0 A q5] -> +[q0 + q2][q2 A q5]
[q0 A q5] -> +[q0 + q3][q3 A q5]
[q0 A q5] -> +[q0 + q4][q4 A q5]
[q0 A q5] -> +[q0 + q5][q5 A q5]
[q0 A q5] -> +[q0 + q6][q6 A q5]
[q0 A q6] -> +[q0 + q0][q0 A q6]
[q0 A q6] -> +[q0 + q1][q1 A q6]
[q0 A q6] -> +[q0 + q2][q2 A q6]
[q0 A q6] -> +[q0 + q3][q3 A q6]
[q0 A q6] -> +[q0 + q4][q4 A q6]
[q0 A q6] -> +[q0 + q5][q5 A q6]
[q0 A q6] -> +[q0 + q6][q6 A q6]
[q0 A q0] -> A[q0 A q0][q0 A q0]
[q0 A q0] -> A[q0 A q1][q1 A q0]
[q0 A q0] -> A[q0 A q2][q2 A q0]
[q0 A q0] -> A[q0 A q3][q3 A q0]
[q0 A q0] -> A[q0 A q4][q4 A q0]
[q0 A q0] -> A[q0 A q5][q5 A q0]
[q0 A q0] -> A[q0 A q6][q6 A q0]
[q0 A q1] -> A[q0 A q0][q0 A q1]
[q0 A q1] -> A[q0 A q1][q1 A q1]
[q0 A q1] -> A[q0 A q2][q2 A q1]
[q0 A q1] -> A[q0 A q3][q3 A q1]
[q0 A q1] -> A[q0 A q4][q4 A q1]
[q0 A q1] -> A[q0 A q5][q5 A q1]
[q0 A q1] -> A[q0 A q6][q6 A q1]
[q0 A q2] -> A[q0 A q0][q0 A q2]
[q0 A q2] -> A[q0 A q1][q1 A q2]
[q0 A q2] -> A[q0 A q2][q2 A q2]
[q0 A q2] -> A[q0 A q3][q3 A q2]
[q0 A q2] -> A[q0 A q4][q4 A q2]
[q0 A q2] -> A[q0 A q5][q5 A q2]
[q0 A q2] -> A[q0 A q6][q6 A q2]
[q0 A q3] -> A[q0 A q0][q0 A q3]
[q0 A q3] -> A[q0 A q1][q1 A q3]
[q0 A q3] -> A[q0 A q2][q2 A q3]
[q0 A q3] -> A[q0 A q3][q3 A q3]
[q0 A q3] -> A[q0 A q4][q4 A q3]
[q0 A q3] -> A[q0 A q5][q5 A q3]
[q0 A q3] -> A[q0 A q6][q6 A q3]
[q0 A q4] -> A[q0 A q0][q0 A q4]
[q0 A q4] -> A[q0 A q1][q1 A q4]
[q0 A q4] -> A[q0 A q2][q2 A q4]
[q0 A q4] -> A[q0 A q3][q3 A q4]
[q0 A q4] -> A[q0 A q4][q4 A q4]
[q0 A q4] -> A[q0 A q5][q5 A q4]
[q0 A q4] -> A[q0 A q6][q6 A q4]
[q0 A q5] -> A[q0 A q0][q0 A q5]
[q0 A q5] -> A[q0 A q1][q1 A q5]
[q0 A q5] -> A[q0 A q2][q2 A q5]
[q0 A q5] -> A[q0 A q3][q3 A q5]
[q0 A q5] -> A[q0 A q4][q4 A q5]
[q0 A q5] -> A[q0 A q5][q5 A q5]
[q0 A q5] -> A[q0 A q6][q6 A q5]
[q0 A q6] -> A[q0 A q0][q0 A q6]
[q0 A q6] -> A[q0 A q1][q1 A q6]
[q0 A q6] -> A[q0 A q2][q2 A q6]
[q0 A q6] -> A[q0 A q3][q3 A q6]
[q0 A q6] -> A[q0 A q4][q4 A q6]
[q0 A q6] -> A[q0 A q5][q5 A q6]
[q0 A q6] -> A[q0 A q6][q6 A q6]
[q0 e q0] -> A[q0 A q0]
[q0 e q1] -> A[q0 A q1]
[q0 e q2] -> A[q0 A q2]
[q0 e q3] -> A[q0 A q3]
[q0 e q4] -> A[q0 A q4]
[q0 e q5] -> A[q0 A q5]
[q0 e q6] -> A[q0 A q6]
[q0 e q0] -> ([q0 ( q0]
[q0 e q1] -> ([q0 ( q1]
[q0 e q2] -> ([q0 ( q2]
[q0 e q3] -> ([q0 ( q3]
[q0 e q4] -> ([q0 ( q4]
[q0 e q5] -> ([q0 ( q5]
[q0 e q6] -> ([q0 ( q6]
[q0 A q0] -> -[q0 - q0][q0 A q0]
[q0 A q0] -> -[q0 - q1][q1 A q0]
[q0 A q0] -> -[q0 - q2][q2 A q0]
[q0 A q0] -> -[q0 - q3][q3 A q0]
[q0 A q0] -> -[q0 - q4][q4 A q0]
[q0 A q0] -> -[q0 - q5][q5 A q0]
[q0 A q0] -> -[q0 - q6][q6 A q0]
[q0 A q1] -> -[q0 - q0][q0 A q1]
[q0 A q1] -> -[q0 - q1][q1 A q1]
[q0 A q1] -> -[q0 - q2][q2 A q1]
[q0 A q1] -> -[q0 - q3][q3 A q1]
[q0 A q1] -> -[q0 - q4][q4 A q1]
[q0 A q1] -> -[q0 - q5][q5 A q1]
[q0 A q1] -> -[q0 - q6][q6 A q1]
[q0 A q2] -> -[q0 - q0][q0 A q2]
[q0 A q2] -> -[q0 - q1][q1 A q2]
[q0 A q2] -> -[q0 - q2][q2 A q2]
[q0 A q2] -> -[q0 - q3][q3 A q2]
[q0 A q2] -> -[q0 - q4][q4 A q2]
[q0 A q2] -> -[q0 - q5][q5 A q2]
[q0 A q2] -> -[q0 - q6][q6 A q2]
[q0 A q3] -> -[q0 - q0][q0 A q3]
[q0 A q3] -> -[q0 - q1][q1 A q3]
[q0 A q3] -> -[q0 - q2][q2 A q3]
[q0 A q3] -> -[q0 - q3][q3 A q3]
[q0 A q3] -> -[q0 - q4][q4 A q3]
[q0 A q3] -> -[q0 - q5][q5 A q3]
[q0 A q3] -> -[q0 - q6][q6 A q3]
[q0 A q4] -> -[q0 - q0][q0 A q4]
[q0 A q4] -> -[q0 - q1][q1 A q4]
[q0 A q4] -> -[q0 - q2][q2 A q4]
[q0 A q4] -> -[q0 - q3][q3 A q4]
[q0 A q4] -> -[q0 - q4][q4 A q4]
[q0 A q4] -> -[q0 - q5][q5 A q4]
[q0 A q4] -> -[q0 - q6][q6 A q4]
[q0 A q5] -> -[q0 - q0][q0 A q5]
[q0 A q5] -> -[q0 - q1][q1 A q5]
[q0 A q5] -> -[q0 - q2][q2 A q5]
[q0 A q5] -> -[q0 - q3][q3 A q5]
[q0 A q5] -> -[q0 - q4][q4 A q5]
[q0 A q5] -> -[q0 - q5][q5 A q5]
[q0 A q5] -> -[q0 - q6][q6 A q5]
[q0 A q6] -> -[q0 - q0][q0 A q6]
[q0 A q6] -> -[q0 - q1][q1 A q6]
[q0 A q6] -> -[q0 - q2][q2 A q6]
[q0 A q6] -> -[q0 - q3][q3 A q6]
[q0 A q6] -> -[q0 - q4][q4 A q6]
[q0 A q6] -> -[q0 - q5][q5 A q6]
[q0 A q6] -> -[q0 - q6][q6 A q6]
[q0 A q1] -> )
[q0 A q0] -> .[q3 . q0][q0 A q0]
[q0 A q0] -> .[q3 . q1][q1 A q0]
[q0 A q0] -> .[q3 . q2][q2 A q0]
[q0 A q0] -> .[q3 . q3][q3 A q0]
[q0 A q0] -> .[q3 . q4][q4 A q0]
[q0 A q0] -> .[q3 . q5][q5 A q0]
[q0 A q0] -> .[q3 . q6][q6 A q0]
[q0 A q1] -> .[q3 . q0][q0 A q1]
[q0 A q1] -> .[q3 . q1][q1 A q1]
[q0 A q1] -> .[q3 . q2][q2 A q1]
[q0 A q1] -> .[q3 . q3][q3 A q1]
[q0 A q1] -> .[q3 . q4][q4 A q1]
[q0 A q1] -> .[q3 . q5][q5 A q1]
[q0 A q1] -> .[q3 . q6][q6 A q1]
[q0 A q2] -> .[q3 . q0][q0 A q2]
[q0 A q2] -> .[q3 . q1][q1 A q2]
[q0 A q2] -> .[q3 . q2][q2 A q2]
[q0 A q2] -> .[q3 . q3][q3 A q2]
[q0 A q2] -> .[q3 . q4][q4 A q2]
[q0 A q2] -> .[q3 . q5][q5 A q2]
[q0 A q2] -> .[q3 . q6][q6 A q2]
[q0 A q3] -> .[q3 . q0][q0 A q3]
[q0 A q3] -> .[q3 . q1][q1 A q3]
[q0 A q3] -> .[q3 . q2][q2 A q3]
[q0 A q3] -> .[q3 . q3][q3 A q3]
[q0 A q3] -> .[q3 . q4][q4 A q3]
[q0 A q3] -> .[q3 . q5][q5 A q3]
[q0 A q3] -> .[q3 . q6][q6 A q3]
[q0 A q4] -> .[q3 . q0][q0 A q4]
[q0 A q4] -> .[q3 . q1][q1 A q4]
[q0 A q4] -> .[q3 . q2][q2 A q4]
[q0 A q4] -> .[q3 . q3][q3 A q4]
[q0 A q4] -> .[q3 . q4][q4 A q4]
[q0 A q4] -> .[q3 . q5][q5 A q4]
[q0 A q4] -> .[q3 . q6][q6 A q4]
[q0 A q5] -> .[q3 . q0][q0 A q5]
[q0 A q5] -> .[q3 . q1][q1 A q5]
[q0 A q5] -> .[q3 . q2][q2 A q5]
[q0 A q5] -> .[q3 . q3][q3 A q5]
[q0 A q5] -> .[q3 . q4][q4 A q5]
[q0 A q5] -> .[q3 . q5][q5 A q5]
[q0 A q5] -> .[q3 . q6][q6 A q5]
[q0 A q6] -> .[q3 . q0][q0 A q6]
[q0 A q6] -> .[q3 . q1][q1 A q6]
[q0 A q6] -> .[q3 . q2][q2 A q6]
[q0 A q6] -> .[q3 . q3][q3 A q6]
[q0 A q6] -> .[q3 . q4][q4 A q6]
[q0 A q6] -> .[q3 . q5][q5 A q6]
[q0 A q6] -> .[q3 . q6][q6 A q6]
[q0 ) q0] -> =[q6 = q0][q0 ) q0]
[q0 ) q0] -> =[q6 = q1][q1 ) q0]
[q0 ) q0] -> =[q6 = q2][q2 ) q0]
[q0 ) q0] -> =[q6 = q3][q3 ) q0]
[q0 ) q0] -> =[q6 = q4][q4 ) q0]
[q0 ) q0] -> =[q6 = q5][q5 ) q0]
[q0 ) q0] -> =[q6 = q6][q6 ) q0]
[q0 ) q1] -> =[q6 = q0][q0 ) q1]
[q0 ) q1] -> =[q6 = q1][q1 ) q1]
[q0 ) q1] -> =[q6 = q2][q2 ) q1]
[q0 ) q1] -> =[q6 = q3][q3 ) q1]
[q0 ) q1] -> =[q6 = q4][q4 ) q1]
[q0 ) q1] -> =[q6 = q5][q5 ) q1]
[q0 ) q1] -> =[q6 = q6][q6 ) q1]
[q0 ) q2] -> =[q6 = q0][q0 ) q2]
[q0 ) q2] -> =[q6 = q1][q1 ) q2]
[q0 ) q2] -> =[q6 = q2][q2 ) q2]
[q0 ) q2] -> =[q6 = q3][q3 ) q2]
[q0 ) q2] -> =[q6 = q4][q4 ) q2]
[q0 ) q2] -> =[q6 = q5][q5 ) q2]
[q0 ) q2] -> =[q6 = q6][q6 ) q2]
[q0 ) q3] -> =[q6 = q0][q0 ) q3]
[q0 ) q3] -> =[q6 = q1][q1 ) q3]
[q0 ) q3] -> =[q6 = q2][q2 ) q3]
[q0 ) q3] -> =[q6 = q3][q3 ) q3]
[q0 ) q3] -> =[q6 = q4][q4 ) q3]
[q0 ) q3] -> =[q6 = q5][q5 ) q3]
[q0 ) q3] -> =[q6 = q6][q6 ) q3]
[q0 ) q4] -> =[q6 = q0][q0 ) q4]
[q0 ) q4] -> =[q6 = q1][q1 ) q4]
[q0 ) q4] -> =[q6 = q2][q2 ) q4]
[q0 ) q4] -> =[q6 = q3][q3 ) q4]
[q0 ) q4] -> =[q6 = q4][q4 ) q4]
[q0 ) q4] -> =[q6 = q5][q5 ) q4]
[q0 ) q4] -> =[q6 = q6][q6 ) q4]
[q0 ) q5] -> =[q6 = q0][q0 ) q5]
[q0 ) q5] -> =[q6 = q1][q1 ) q5]
[q0 ) q5] -> =[q6 = q2][q2 ) q5]
[q0 ) q5] -> =[q6 = q3][q3 ) q5]
[q0 ) q5] -> =[q6 = q4][q4 ) q5]
[q0 ) q5] -> =[q6 = q5][q5 ) q5]
[q0 ) q5] -> =[q6 = q6][q6 ) q5]
[q0 ) q6] -> =[q6 = q0][q0 ) q6]
[q0 ) q6] -> =[q6 = q1][q1 ) q6]
[q0 ) q6] -> =[q6 = q2][q2 ) q6]
[q0 ) q6] -> =[q6 = q3][q3 ) q6]
[q0 ) q6] -> =[q6 = q4][q4 ) q6]
[q0 ) q6] -> =[q6 = q5][q5 ) q6]
[q0 ) q6] -> =[q6 = q6][q6 ) q6]
[q0 A q0] -> =[q6 = q0][q0 A q0]
[q0 A q0] -> =[q6 = q1][q1 A q0]
[q0 A q0] -> =[q6 = q2][q2 A q0]
[q0 A q0] -> =[q6 = q3][q3 A q0]
[q0 A q0] -> =[q6 = q4][q4 A q0]
[q0 A q0] -> =[q6 = q5][q5 A q0]
[q0 A q0] -> =[q6 = q6][q6 A q0]
[q0 A q1] -> =[q6 = q0][q0 A q1]
[q0 A q1] -> =[q6 = q1][q1 A q1]
[q0 A q1] -> =[q6 = q2][q2 A q1]
[q0 A q1] -> =[q6 = q3][q3 A q1]
[q0 A q1] -> =[q6 = q4][q4 A q1]
[q0 A q1] -> =[q6 = q5][q5 A q1]
[q0 A q1] -> =[q6 = q6][q6 A q1]
[q0 A q2] -> =[q6 = q0][q0 A q2]
[q0 A q2] -> =[q6 = q1][q1 A q2]
[q0 A q2] -> =[q6 = q2][q2 A q2]
[q0 A q2] -> =[q6 = q3][q3 A q2]
[q0 A q2] -> =[q6 = q4][q4 A q2]
[q0 A q2] -> =[q6 = q5][q5 A q2]
[q0 A q2] -> =[q6 = q6][q6 A q2]
[q0 A q3] -> =[q6 = q0][q0 A q3]
[q0 A q3] -> =[q6 = q1][q1 A q3]
[q0 A q3] -> =[q6 = q2][q2 A q3]
[q0 A q3] -> =[q6 = q3][q3 A q3]
[q0 A q3] -> =[q6 = q4][q4 A q3]
[q0 A q3] -> =[q6 = q5][q5 A q3]
[q0 A q3] -> =[q6 = q6][q6 A q3]
[q0 A q4] -> =[q6 = q0][q0 A q4]
[q0 A q4] -> =[q6 = q1][q1 A q4]
[q0 A q4] -> =[q6 = q2][q2 A q4]
[q0 A q4] -> =[q6 = q3][q3 A q4]
[q0 A q4] -> =[q6 = q4][q4 A q4]
[q0 A q4] -> =[q6 = q5][q5 A q4]
[q0 A q4] -> =[q6 = q6][q6 A q4]
[q0 A q5] -> =[q6 = q0][q0 A q5]
[q0 A q5] -> =[q6 = q1][q1 A q5]
[q0 A q5] -> =[q6 = q2][q2 A q5]
[q0 A q5] -> =[q6 = q3][q3 A q5]
[q0 A q5] -> =[q6 = q4][q4 A q5]
[q0 A q5] -> =[q6 = q5][q5 A q5]
[q0 A q5] -> =[q6 = q6][q6 A q5]
[q0 A q6] -> =[q6 = q0][q0 A q6]
[q0 A q6] -> =[q6 = q1][q1 A q6]
[q0 A q6] -> =[q6 = q2][q2 A q6]
[q0 A q6] -> =[q6 = q3][q3 A q6]
[q0 A q6] -> =[q6 = q4][q4 A q6]
[q0 A q6] -> =[q6 = q5][q5 A q6]
[q0 A q6] -> =[q6 = q6][q6 A q6]
[q1 A q1] -> e
[q1 - q1] -> e
[q1 / q1] -> e
[q1 . q1] -> e
[q1 + q1] -> e
[q1 * q1] -> e
[q1 ( q5] -> e
[q3 . q0] -> A[q4 A q0][q0 . q0]
[q3 . q0] -> A[q4 A q1][q1 . q0]
[q3 . q0] -> A[q4 A q2][q2 . q0]
[q3 . q0] -> A[q4 A q3][q3 . q0]
[q3 . q0] -> A[q4 A q4][q4 . q0]
[q3 . q0] -> A[q4 A q5][q5 . q0]
[q3 . q0] -> A[q4 A q6][q6 . q0]
[q3 . q1] -> A[q4 A q0][q0 . q1]
[q3 . q1] -> A[q4 A q1][q1 . q1]
[q3 . q1] -> A[q4 A q2][q2 . q1]
[q3 . q1] -> A[q4 A q3][q3 . q1]
[q3 . q1] -> A[q4 A q4][q4 . q1]
[q3 . q1] -> A[q4 A q5][q5 . q1]
[q3 . q1] -> A[q4 A q6][q6 . q1]
[q3 . q2] -> A[q4 A q0][q0 . q2]
[q3 . q2] -> A[q4 A q1][q1 . q2]
[q3 . q2] -> A[q4 A q2][q2 . q2]
[q3 . q2] -> A[q4 A q3][q3 . q2]
[q3 . q2] -> A[q4 A q4][q4 . q2]
[q3 . q2] -> A[q4 A q5][q5 . q2]
[q3 . q2] -> A[q4 A q6][q6 . q2]
[q3 . q3] -> A[q4 A q0][q0 . q3]
[q3 . q3] -> A[q4 A q1][q1 . q3]
[q3 . q3] -> A[q4 A q2][q2 . q3]
[q3 . q3] -> A[q4 A q3][q3 . q3]
[q3 . q3] -> A[q4 A q4][q4 . q3]
[q3 . q3] -> A[q4 A q5][q5 . q3]
[q3 . q3] -> A[q4 A q6][q6 . q3]
[q3 . q4] -> A[q4 A q0][q0 . q4]
[q3 . q4] -> A[q4 A q1][q1 . q4]
[q3 . q4] -> A[q4 A q2][q2 . q4]
[q3 . q4] -> A[q4 A q3][q3 . q4]
[q3 . q4] -> A[q4 A q4][q4 . q4]
[q3 . q4] -> A[q4 A q5][q5 . q4]
[q3 . q4] -> A[q4 A q6][q6 . q4]
[q3 . q5] -> A[q4 A q0][q0 . q5]
[q3 . q5] -> A[q4 A q1][q1 . q5]
[q3 . q5] -> A[q4 A q2][q2 . q5]
[q3 . q5] -> A[q4 A q3][q3 . q5]
[q3 . q5] -> A[q4 A q4][q4 . q5]
[q3 . q5] -> A[q4 A q5][q5 . q5]
[q3 . q5] -> A[q4 A q6][q6 . q5]
[q3 . q6] -> A[q4 A q0][q0 . q6]
[q3 . q6] -> A[q4 A q1][q1 . q6]
[q3 . q6] -> A[q4 A q2][q2 . q6]
[q3 . q6] -> A[q4 A q3][q3 . q6]
[q3 . q6] -> A[q4 A q4][q4 . q6]
[q3 . q6] -> A[q4 A q5][q5 . q6]
[q3 . q6] -> A[q4 A q6][q6 . q6]
[q4 A q0] -> A[q4 A q0][q0 A q0]
[q4 A q0] -> A[q4 A q1][q1 A q0]
[q4 A q0] -> A[q4 A q2][q2 A q0]
[q4 A q0] -> A[q4 A q3][q3 A q0]
[q4 A q0] -> A[q4 A q4][q4 A q0]
[q4 A q0] -> A[q4 A q5][q5 A q0]
[q4 A q0] -> A[q4 A q6][q6 A q0]
[q4 A q1] -> A[q4 A q0][q0 A q1]
[q4 A q1] -> A[q4 A q1][q1 A q1]
[q4 A q1] -> A[q4 A q2][q2 A q1]
[q4 A q1] -> A[q4 A q3][q3 A q1]
[q4 A q1] -> A[q4 A q4][q4 A q1]
[q4 A q1] -> A[q4 A q5][q5 A q1]
[q4 A q1] -> A[q4 A q6][q6 A q1]
[q4 A q2] -> A[q4 A q0][q0 A q2]
[q4 A q2] -> A[q4 A q1][q1 A q2]
[q4 A q2] -> A[q4 A q2][q2 A q2]
[q4 A q2] -> A[q4 A q3][q3 A q2]
[q4 A q2] -> A[q4 A q4][q4 A q2]
[q4 A q2] -> A[q4 A q5][q5 A q2]
[q4 A q2] -> A[q4 A q6][q6 A q2]
[q4 A q3] -> A[q4 A q0][q0 A q3]
[q4 A q3] -> A[q4 A q1][q1 A q3]
[q4 A q3] -> A[q4 A q2][q2 A q3]
[q4 A q3] -> A[q4 A q3][q3 A q3]
[q4 A q3] -> A[q4 A q4][q4 A q3]
[q4 A q3] -> A[q4 A q5][q5 A q3]
[q4 A q3] -> A[q4 A q6][q6 A q3]
[q4 A q4] -> A[q4 A q0][q0 A q4]
[q4 A q4] -> A[q4 A q1][q1 A q4]
[q4 A q4] -> A[q4 A q2][q2 A q4]
[q4 A q4] -> A[q4 A q3][q3 A q4]
[q4 A q4] -> A[q4 A q4][q4 A q4]
[q4 A q4] -> A[q4 A q5][q5 A q4]
[q4 A q4] -> A[q4 A q6][q6 A q4]
[q4 A q5] -> A[q4 A q0][q0 A q5]
[q4 A q5] -> A[q4 A q1][q1 A q5]
[q4 A q5] -> A[q4 A q2][q2 A q5]
[q4 A q5] -> A[q4 A q3][q3 A q5]
[q4 A q5] -> A[q4 A q4][q4 A q5]
[q4 A q5] -> A[q4 A q5][q5 A q5]
[q4 A q5] -> A[q4 A q6][q6 A q5]
[q4 A q6] -> A[q4 A q0][q0 A q6]
[q4 A q6] -> A[q4 A q1][q1 A q6]
[q4 A q6] -> A[q4 A q2][q2 A q6]
[q4 A q6] -> A[q4 A q3][q3 A q6]
[q4 A q6] -> A[q4 A q4][q4 A q6]
[q4 A q6] -> A[q4 A q5][q5 A q6]
[q4 A q6] -> A[q4 A q6][q6 A q6]
[q4 A q0] -> /[q0 / q0][q0 A q0]
[q4 A q0] -> /[q0 / q1][q1 A q0]
[q4 A q0] -> /[q0 / q2][q2 A q0]
[q4 A q0] -> /[q0 / q3][q3 A q0]
[q4 A q0] -> /[q0 / q4][q4 A q0]
[q4 A q0] -> /[q0 / q5][q5 A q0]
[q4 A q0] -> /[q0 / q6][q6 A q0]
[q4 A q1] -> /[q0 / q0][q0 A q1]
[q4 A q1] -> /[q0 / q1][q1 A q1]
[q4 A q1] -> /[q0 / q2][q2 A q1]
[q4 A q1] -> /[q0 / q3][q3 A q1]
[q4 A q1] -> /[q0 / q4][q4 A q1]
[q4 A q1] -> /[q0 / q5][q5 A q1]
[q4 A q1] -> /[q0 / q6][q6 A q1]
[q4 A q2] -> /[q0 / q0][q0 A q2]
[q4 A q2] -> /[q0 / q1][q1 A q2]
[q4 A q2] -> /[q0 / q2][q2 A q2]
[q4 A q2] -> /[q0 / q3][q3 A q2]
[q4 A q2] -> /[q0 / q4][q4 A q2]
[q4 A q2] -> /[q0 / q5][q5 A q2]
[q4 A q2] -> /[q0 / q6][q6 A q2]
[q4 A q3] -> /[q0 / q0][q0 A q3]
[q4 A q3] -> /[q0 / q1][q1 A q3]
[q4 A q3] -> /[q0 / q2][q2 A q3]
[q4 A q3] -> /[q0 / q3][q3 A q3]
[q4 A q3] -> /[q0 / q4][q4 A q3]
[q4 A q3] -> /[q0 / q5][q5 A q3]
[q4 A q3] -> /[q0 / q6][q6 A q3]
[q4 A q4] -> /[q0 / q0][q0 A q4]
[q4 A q4] -> /[q0 / q1][q1 A q4]
[q4 A q4] -> /[q0 / q2][q2 A q4]
[q4 A q4] -> /[q0 / q3][q3 A q4]
[q4 A q4] -> /[q0 / q4][q4 A q4]
[q4 A q4] -> /[q0 / q5][q5 A q4]
[q4 A q4] -> /[q0 / q6][q6 A q4]
[q4 A q5] -> /[q0 / q0][q0 A q5]
[q4 A q5] -> /[q0 / q1][q1 A q5]
[q4 A q5] -> /[q0 / q2][q2 A q5]
[q4 A q5] -> /[q0 / q3][q3 A q5]
[q4 A q5] -> /[q0 / q4][q4 A q5]
[q4 A q5] -> /[q0 / q5][q5 A q5]
[q4 A q5] -> /[q0 / q6][q6 A q5]
[q4 A q6] -> /[q0 / q0][q0 A q6]
[q4 A q6] -> /[q0 / q1][q1 A q6]
[q4 A q6] -> /[q0 / q2][q2 A q6]
[q4 A q6] -> /[q0 / q3][q3 A q6]
[q4 A q6] -> /[q0 / q4][q4 A q6]
[q4 A q6] -> /[q0 / q5][q5 A q6]
[q4 A q6] -> /[q0 / q6][q6 A q6]
[q4 A q0] -> +[q0 + q0][q0 A q0]
[q4 A q0] -> +[q0 + q1][q1 A q0]
[q4 A q0] -> +[q0 + q2][q2 A q0]
[q4 A q0] -> +[q0 + q3][q3 A q0]
[q4 A q0] -> +[q0 + q4][q4 A q0]
[q4 A q0] -> +[q0 + q5][q5 A q0]
[q4 A q0] -> +[q0 + q6][q6 A q0]
[q4 A q1] -> +[q0 + q0][q0 A q1]
[q4 A q1] -> +[q0 + q1][q1 A q1]
[q4 A q1] -> +[q0 + q2][q2 A q1]
[q4 A q1] -> +[q0 + q3][q3 A q1]
[q4 A q1] -> +[q0 + q4][q4 A q1]
[q4 A q1] -> +[q0 + q5][q5 A q1]
[q4 A q1] -> +[q0 + q6][q6 A q1]
[q4 A q2] -> +[q0 + q0][q0 A q2]
[q4 A q2] -> +[q0 + q1][q1 A q2]
[q4 A q2] -> +[q0 + q2][q2 A q2]
[q4 A q2] -> +[q0 + q3][q3 A q2]
[q4 A q2] -> +[q0 + q4][q4 A q2]
[q4 A q2] -> +[q0 + q5][q5 A q2]
[q4 A q2] -> +[q0 + q6][q6 A q2]
[q4 A q3] -> +[q0 + q0][q0 A q3]
[q4 A q3] -> +[q0 + q1][q1 A q3]
[q4 A q3] -> +[q0 + q2][q2 A q3]
[q4 A q3] -> +[q0 + q3][q3 A q3]
[q4 A q3] -> +[q0 + q4][q4 A q3]
[q4 A q3] -> +[q0 + q5][q5 A q3]
[q4 A q3] -> +[q0 + q6][q6 A q3]
[q4 A q4] -> +[q0 + q0][q0 A q4]
[q4 A q4] -> +[q0 + q1][q1 A q4]
[q4 A q4] -> +[q0 + q2][q2 A q4]
[q4 A q4] -> +[q0 + q3][q3 A q4]
[q4 A q4] -> +[q0 + q4][q4 A q4]
[q4 A q4] -> +[q0 + q5][q5 A q4]
[q4 A q4] -> +[q0 + q6][q6 A q4]
[q4 A q5] -> +[q0 + q0][q0 A q5]
[q4 A q5] -> +[q0 + q1][q1 A q5]
[q4 A q5] -> +[q0 + q2][q2 A q5]
[q4 A q5] -> +[q0 + q3][q3 A q5]
[q4 A q5] -> +[q0 + q4][q4 A q5]
[q4 A q5] -> +[q0 + q5][q5 A q5]
[q4 A q5] -> +[q0 + q6][q6 A q5]
[q4 A q6] -> +[q0 + q0][q0 A q6]
[q4 A q6] -> +[q0 + q1][q1 A q6]
[q4 A q6] -> +[q0 + q2][q2 A q6]
[q4 A q6] -> +[q0 + q3][q3 A q6]
[q4 A q6] -> +[q0 + q4][q4 A q6]
[q4 A q6] -> +[q0 + q5][q5 A q6]
[q4 A q6] -> +[q0 + q6][q6 A q6]
[q4 A q0] -> *[q0 * q0][q0 A q0]
[q4 A q0] -> *[q0 * q1][q1 A q0]
[q4 A q0] -> *[q0 * q2][q2 A q0]
[q4 A q0] -> *[q0 * q3][q3 A q0]
[q4 A q0] -> *[q0 * q4][q4 A q0]
[q4 A q0] -> *[q0 * q5][q5 A q0]
[q4 A q0] -> *[q0 * q6][q6 A q0]
[q4 A q1] -> *[q0 * q0][q0 A q1]
[q4 A q1] -> *[q0 * q1][q1 A q1]
[q4 A q1] -> *[q0 * q2][q2 A q1]
[q4 A q1] -> *[q0 * q3][q3 A q1]
[q4 A q1] -> *[q0 * q4][q4 A q1]
[q4 A q1] -> *[q0 * q5][q5 A q1]
[q4 A q1] -> *[q0 * q6][q6 A q1]
[q4 A q2] -> *[q0 * q0][q0 A q2]
[q4 A q2] -> *[q0 * q1][q1 A q2]
[q4 A q2] -> *[q0 * q2][q2 A q2]
[q4 A q2] -> *[q0 * q3][q3 A q2]
[q4 A q2] -> *[q0 * q4][q4 A q2]
[q4 A q2] -> *[q0 * q5][q5 A q2]
[q4 A q2] -> *[q0 * q6][q6 A q2]
[q4 A q3] -> *[q0 * q0][q0 A q3]
[q4 A q3] -> *[q0 * q1][q1 A q3]
[q4 A q3] -> *[q0 * q2][q2 A q3]
[q4 A q3] -> *[q0 * q3][q3 A q3]
[q4 A q3] -> *[q0 * q4][q4 A q3]
[q4 A q3] -> *[q0 * q5][q5 A q3]
[q4 A q3] -> *[q0 * q6][q6 A q3]
[q4 A q4] -> *[q0 * q0][q0 A q4]
[q4 A q4] -> *[q0 * q1][q1 A q4]
[q4 A q4] -> *[q0 * q2][q2 A q4]
[q4 A q4] -> *[q0 * q3][q3 A q4]
[q4 A q4] -> *[q0 * q4][q4 A q4]
[q4 A q4] -> *[q0 * q5][q5 A q4]
[q4 A q4] -> *[q0 * q6][q6 A q4]
[q4 A q5] -> *[q0 * q0][q0 A q5]
[q4 A q5] -> *[q0 * q1][q1 A q5]
[q4 A q5] -> *[q0 * q2][q2 A q5]
[q4 A q5] -> *[q0 * q3][q3 A q5]
[q4 A q5] -> *[q0 * q4][q4 A q5]
[q4 A q5] -> *[q0 * q5][q5 A q5]
[q4 A q5] -> *[q0 * q6][q6 A q5]
[q4 A q6] -> *[q0 * q0][q0 A q6]
[q4 A q6] -> *[q0 * q1][q1 A q6]
[q4 A q6] -> *[q0 * q2][q2 A q6]
[q4 A q6] -> *[q0 * q3][q3 A q6]
[q4 A q6] -> *[q0 * q4][q4 A q6]
[q4 A q6] -> *[q0 * q5][q5 A q6]
[q4 A q6] -> *[q0 * q6][q6 A q6]
[q4 A q0] -> -[q0 - q0][q0 A q0]
[q4 A q0] -> -[q0 - q1][q1 A q0]
[q4 A q0] -> -[q0 - q2][q2 A q0]
[q4 A q0] -> -[q0 - q3][q3 A q0]
[q4 A q0] -> -[q0 - q4][q4 A q0]
[q4 A q0] -> -[q0 - q5][q5 A q0]
[q4 A q0] -> -[q0 - q6][q6 A q0]
[q4 A q1] -> -[q0 - q0][q0 A q1]
[q4 A q1] -> -[q0 - q1][q1 A q1]
[q4 A q1] -> -[q0 - q2][q2 A q1]
[q4 A q1] -> -[q0 - q3][q3 A q1]
[q4 A q1] -> -[q0 - q4][q4 A q1]
[q4 A q1] -> -[q0 - q5][q5 A q1]
[q4 A q1] -> -[q0 - q6][q6 A q1]
[q4 A q2] -> -[q0 - q0][q0 A q2]
[q4 A q2] -> -[q0 - q1][q1 A q2]
[q4 A q2] -> -[q0 - q2][q2 A q2]
[q4 A q2] -> -[q0 - q3][q3 A q2]
[q4 A q2] -> -[q0 - q4][q4 A q2]
[q4 A q2] -> -[q0 - q5][q5 A q2]
[q4 A q2] -> -[q0 - q6][q6 A q2]
[q4 A q3] -> -[q0 - q0][q0 A q3]
[q4 A q3] -> -[q0 - q1][q1 A q3]
[q4 A q3] -> -[q0 - q2][q2 A q3]
[q4 A q3] -> -[q0 - q3][q3 A q3]
[q4 A q3] -> -[q0 - q4][q4 A q3]
[q4 A q3] -> -[q0 - q5][q5 A q3]
[q4 A q3] -> -[q0 - q6][q6 A q3]
[q4 A q4] -> -[q0 - q0][q0 A q4]
[q4 A q4] -> -[q0 - q1][q1 A q4]
[q4 A q4] -> -[q0 - q2][q2 A q4]
[q4 A q4] -> -[q0 - q3][q3 A q4]
[q4 A q4] -> -[q0 - q4][q4 A q4]
[q4 A q4] -> -[q0 - q5][q5 A q4]
[q4 A q4] -> -[q0 - q6][q6 A q4]
[q4 A q5] -> -[q0 - q0][q0 A q5]
[q4 A q5] -> -[q0 - q1][q1 A q5]
[q4 A q5] -> -[q0 - q2][q2 A q5]
[q4 A q5] -> -[q0 - q3][q3 A q5]
[q4 A q5] -> -[q0 - q4][q4 A q5]
[q4 A q5] -> -[q0 - q5][q5 A q5]
[q4 A q5] -> -[q0 - q6][q6 A q5]
[q4 A q6] -> -[q0 - q0][q0 A q6]
[q4 A q6] -> -[q0 - q1][q1 A q6]
[q4 A q6] -> -[q0 - q2][q2 A q6]
[q4 A q6] -> -[q0 - q3][q3 A q6]
[q4 A q6] -> -[q0 - q4][q4 A q6]
[q4 A q6] -> -[q0 - q5][q5 A q6]
[q4 A q6] -> -[q0 - q6][q6 A q6]
[q4 A q1] -> )
[q4 A q0] -> =[q6 A q0]
[q4 A q1] -> =[q6 A q1]
[q4 A q2] -> =[q6 A q2]
[q4 A q3] -> =[q6 A q3]
[q4 A q4] -> =[q6 A q4]
[q4 A q5] -> =[q6 A q5]
[q4 A q6] -> =[q6 A q6]
[q5 - q0] -> *[q0 * q0][q0 - q0]
[q5 - q0] -> *[q0 * q1][q1 - q0]
[q5 - q0] -> *[q0 * q2][q2 - q0]
[q5 - q0] -> *[q0 * q3][q3 - q0]
[q5 - q0] -> *[q0 * q4][q4 - q0]
[q5 - q0] -> *[q0 * q5][q5 - q0]
[q5 - q0] -> *[q0 * q6][q6 - q0]
[q5 - q1] -> *[q0 * q0][q0 - q1]
[q5 - q1] -> *[q0 * q1][q1 - q1]
[q5 - q1] -> *[q0 * q2][q2 - q1]
[q5 - q1] -> *[q0 * q3][q3 - q1]
[q5 - q1] -> *[q0 * q4][q4 - q1]
[q5 - q1] -> *[q0 * q5][q5 - q1]
[q5 - q1] -> *[q0 * q6][q6 - q1]
[q5 - q2] -> *[q0 * q0][q0 - q2]
[q5 - q2] -> *[q0 * q1][q1 - q2]
[q5 - q2] -> *[q0 * q2][q2 - q2]
[q5 - q2] -> *[q0 * q3][q3 - q2]
[q5 - q2] -> *[q0 * q4][q4 - q2]
[q5 - q2] -> *[q0 * q5][q5 - q2]
[q5 - q2] -> *[q0 * q6][q6 - q2]
[q5 - q3] -> *[q0 * q0][q0 - q3]
[q5 - q3] -> *[q0 * q1][q1 - q3]
[q5 - q3] -> *[q0 * q2][q2 - q3]
[q5 - q3] -> *[q0 * q3][q3 - q3]
[q5 - q3] -> *[q0 * q4][q4 - q3]
[q5 - q3] -> *[q0 * q5][q5 - q3]
[q5 - q3] -> *[q0 * q6][q6 - q3]
[q5 - q4] -> *[q0 * q0][q0 - q4]
[q5 - q4] -> *[q0 * q1][q1 - q4]
[q5 - q4] -> *[q0 * q2][q2 - q4]
[q5 - q4] -> *[q0 * q3][q3 - q4]
[q5 - q4] -> *[q0 * q4][q4 - q4]
[q5 - q4] -> *[q0 * q5][q5 - q4]
[q5 - q4] -> *[q0 * q6][q6 - q4]
[q5 - q5] -> *[q0 * q0][q0 - q5]
[q5 - q5] -> *[q0 * q1][q1 - q5]
[q5 - q5] -> *[q0 * q2][q2 - q5]
[q5 - q5] -> *[q0 * q3][q3 - q5]
[q5 - q5] -> *[q0 * q4][q4 - q5]
[q5 - q5] -> *[q0 * q5][q5 - q5]
[q5 - q5] -> *[q0 * q6][q6 - q5]
[q5 - q6] -> *[q0 * q0][q0 - q6]
[q5 - q6] -> *[q0 * q1][q1 - q6]
[q5 - q6] -> *[q0 * q2][q2 - q6]
[q5 - q6] -> *[q0 * q3][q3 - q6]
[q5 - q6] -> *[q0 * q4][q4 - q6]
[q5 - q6] -> *[q0 * q5][q5 - q6]
[q5 - q6] -> *[q0 * q6][q6 - q6]
[q5 / q0] -> *[q0 * q0][q0 / q0]
[q5 / q0] -> *[q0 * q1][q1 / q0]
[q5 / q0] -> *[q0 * q2][q2 / q0]
[q5 / q0] -> *[q0 * q3][q3 / q0]
[q5 / q0] -> *[q0 * q4][q4 / q0]
[q5 / q0] -> *[q0 * q5][q5 / q0]
[q5 / q0] -> *[q0 * q6][q6 / q0]
[q5 / q1] -> *[q0 * q0][q0 / q1]
[q5 / q1] -> *[q0 * q1][q1 / q1]
[q5 / q1] -> *[q0 * q2][q2 / q1]
[q5 / q1] -> *[q0 * q3][q3 / q1]
[q5 / q1] -> *[q0 * q4][q4 / q1]
[q5 / q1] -> *[q0 * q5][q5 / q1]
[q5 / q1] -> *[q0 * q6][q6 / q1]
[q5 / q2] -> *[q0 * q0][q0 / q2]
[q5 / q2] -> *[q0 * q1][q1 / q2]
[q5 / q2] -> *[q0 * q2][q2 / q2]
[q5 / q2] -> *[q0 * q3][q3 / q2]
[q5 / q2] -> *[q0 * q4][q4 / q2]
[q5 / q2] -> *[q0 * q5][q5 / q2]
[q5 / q2] -> *[q0 * q6][q6 / q2]
[q5 / q3] -> *[q0 * q0][q0 / q3]
[q5 / q3] -> *[q0 * q1][q1 / q3]
[q5 / q3] -> *[q0 * q2][q2 / q3]
[q5 / q3] -> *[q0 * q3][q3 / q3]
[q5 / q3] -> *[q0 * q4][q4 / q3]
[q5 / q3] -> *[q0 * q5][q5 / q3]
[q5 / q3] -> *[q0 * q6][q6 / q3]
[q5 / q4] -> *[q0 * q0][q0 / q4]
[q5 / q4] -> *[q0 * q1][q1 / q4]
[q5 / q4] -> *[q0 * q2][q2 / q4]
[q5 / q4] -> *[q0 * q3][q3 / q4]
[q5 / q4] -> *[q0 * q4][q4 / q4]
[q5 / q4] -> *[q0 * q5][q5 / q4]
[q5 / q4] -> *[q0 * q6][q6 / q4]
[q5 / q5] -> *[q0 * q0][q0 / q5]
[q5 / q5] -> *[q0 * q1][q1 / q5]
[q5 / q5] -> *[q0 * q2][q2 / q5]
[q5 / q5] -> *[q0 * q3][q3 / q5]
[q5 / q5] -> *[q0 * q4][q4 / q5]
[q5 / q5] -> *[q0 * q5][q5 / q5]
[q5 / q5] -> *[q0 * q6][q6 / q5]
[q5 / q6] -> *[q0 * q0][q0 / q6]
[q5 / q6] -> *[q0 * q1][q1 / q6]
[q5 / q6] -> *[q0 * q2][q2 / q6]
[q5 / q6] -> *[q0 * q3][q3 / q6]
[q5 / q6] -> *[q0 * q4][q4 / q6]
[q5 / q6] -> *[q0 * q5][q5 / q6]
[q5 / q6] -> *[q0 * q6][q6 / q6]
[q5 * q0] -> *[q0 * q0][q0 * q0]
[q5 * q0] -> *[q0 * q1][q1 * q0]
[q5 * q0] -> *[q0 * q2][q2 * q0]
[q5 * q0] -> *[q0 * q3][q3 * q0]
[q5 * q0] -> *[q0 * q4][q4 * q0]
[q5 * q0] -> *[q0 * q5][q5 * q0]
[q5 * q0] -> *[q0 * q6][q6 * q0]
[q5 * q1] -> *[q0 * q0][q0 * q1]
[q5 * q1] -> *[q0 * q1][q1 * q1]
[q5 * q1] -> *[q0 * q2][q2 * q1]
[q5 * q1] -> *[q0 * q3][q3 * q1]
[q5 * q1] -> *[q0 * q4][q4 * q1]
[q5 * q1] -> *[q0 * q5][q5 * q1]
[q5 * q1] -> *[q0 * q6][q6 * q1]
[q5 * q2] -> *[q0 * q0][q0 * q2]
[q5 * q2] -> *[q0 * q1][q1 * q2]
[q5 * q2] -> *[q0 * q2][q2 * q2]
[q5 * q2] -> *[q0 * q3][q3 * q2]
[q5 * q2] -> *[q0 * q4][q4 * q2]
[q5 * q2] -> *[q0 * q5][q5 * q2]
[q5 * q2] -> *[q0 * q6][q6 * q2]
[q5 * q3] -> *[q0 * q0][q0 * q3]
[q5 * q3] -> *[q0 * q1][q1 * q3]
[q5 * q3] -> *[q0 * q2][q2 * q3]
[q5 * q3] -> *[q0 * q3][q3 * q3]
[q5 * q3] -> *[q0 * q4][q4 * q3]
[q5 * q3] -> *[q0 * q5][q5 * q3]
[q5 * q3] -> *[q0 * q6][q6 * q3]
[q5 * q4] -> *[q0 * q0][q0 * q4]
[q5 * q4] -> *[q0 * q1][q1 * q4]
[q5 * q4] -> *[q0 * q2][q2 * q4]
[q5 * q4] -> *[q0 * q3][q3 * q4]
[q5 * q4] -> *[q0 * q4][q4 * q4]
[q5 * q4] -> *[q0 * q5][q5 * q4]
[q5 * q4] -> *[q0 * q6][q6 * q4]
[q5 * q5] -> *[q0 * q0][q0 * q5]
[q5 * q5] -> *[q0 * q1][q1 * q5]
[q5 * q5] -> *[q0 * q2][q2 * q5]
[q5 * q5] -> *[q0 * q3][q3 * q5]
[q5 * q5] -> *[q0 * q4][q4 * q5]
[q5 * q5] -> *[q0 * q5][q5 * q5]
[q5 * q5] -> *[q0 * q6][q6 * q5]
[q5 * q6] -> *[q0 * q0][q0 * q6]
[q5 * q6] -> *[q0 * q1][q1 * q6]
[q5 * q6] -> *[q0 * q2][q2 * q6]
[q5 * q6] -> *[q0 * q3][q3 * q6]
[q5 * q6] -> *[q0 * q4][q4 * q6]
[q5 * q6] -> *[q0 * q5][q5 * q6]
[q5 * q6] -> *[q0 * q6][q6 * q6]
[q5 + q0] -> *[q0 * q0][q0 + q0]
[q5 + q0] -> *[q0 * q1][q1 + q0]
[q5 + q0] -> *[q0 * q2][q2 + q0]
[q5 + q0] -> *[q0 * q3][q3 + q0]
[q5 + q0] -> *[q0 * q4][q4 + q0]
[q5 + q0] -> *[q0 * q5][q5 + q0]
[q5 + q0] -> *[q0 * q6][q6 + q0]
[q5 + q1] -> *[q0 * q0][q0 + q1]
[q5 + q1] -> *[q0 * q1][q1 + q1]
[q5 + q1] -> *[q0 * q2][q2 + q1]
[q5 + q1] -> *[q0 * q3][q3 + q1]
[q5 + q1] -> *[q0 * q4][q4 + q1]
[q5 + q1] -> *[q0 * q5][q5 + q1]
[q5 + q1] -> *[q0 * q6][q6 + q1]
[q5 + q2] -> *[q0 * q0][q0 + q2]
[q5 + q2] -> *[q0 * q1][q1 + q2]
[q5 + q2] -> *[q0 * q2][q2 + q2]
[q5 + q2] -> *[q0 * q3][q3 + q2]
[q5 + q2] -> *[q0 * q4][q4 + q2]
[q5 + q2] -> *[q0 * q5][q5 + q2]
[q5 + q2] -> *[q0 * q6][q6 + q2]
[q5 + q3] -> *[q0 * q0][q0 + q3]
[q5 + q3] -> *[q0 * q1][q1 + q3]
[q5 + q3] -> *[q0 * q2][q2 + q3]
[q5 + q3] -> *[q0 * q3][q3 + q3]
[q5 + q3] -> *[q0 * q4][q4 + q3]
[q5 + q3] -> *[q0 * q5][q5 + q3]
[q5 + q3] -> *[q0 * q6][q6 + q3]
[q5 + q4] -> *[q0 * q0][q0 + q4]
[q5 + q4] -> *[q0 * q1][q1 + q4]
[q5 + q4] -> *[q0 * q2][q2 + q4]
[q5 + q4] -> *[q0 * q3][q3 + q4]
[q5 + q4] -> *[q0 * q4][q4 + q4]
[q5 + q4] -> *[q0 * q5][q5 + q4]
[q5 + q4] -> *[q0 * q6][q6 + q4]
[q5 + q5] -> *[q0 * q0][q0 + q5]
[q5 + q5] -> *[q0 * q1][q1 + q5]
[q5 + q5] -> *[q0 * q2][q2 + q5]
[q5 + q5] -> *[q0 * q3][q3 + q5]
[q5 + q5] -> *[q0 * q4][q4 + q5]
[q5 + q5] -> *[q0 * q5][q5 + q5]
[q5 + q5] -> *[q0 * q6][q6 + q5]
[q5 + q6] -> *[q0 * q0][q0 + q6]
[q5 + q6] -> *[q0 * q1][q1 + q6]
[q5 + q6] -> *[q0 * q2][q2 + q6]
[q5 + q6] -> *[q0 * q3][q3 + q6]
[q5 + q6] -> *[q0 * q4][q4 + q6]
[q5 + q6] -> *[q0 * q5][q5 + q6]
[q5 + q6] -> *[q0 * q6][q6 + q6]
[q5 - q0] -> /[q0 / q0][q0 - q0]
[q5 - q0] -> /[q0 / q1][q1 - q0]
[q5 - q0] -> /[q0 / q2][q2 - q0]
[q5 - q0] -> /[q0 / q3][q3 - q0]
[q5 - q0] -> /[q0 / q4][q4 - q0]
[q5 - q0] -> /[q0 / q5][q5 - q0]
[q5 - q0] -> /[q0 / q6][q6 - q0]
[q5 - q1] -> /[q0 / q0][q0 - q1]
[q5 - q1] -> /[q0 / q1][q1 - q1]
[q5 - q1] -> /[q0 / q2][q2 - q1]
[q5 - q1] -> /[q0 / q3][q3 - q1]
[q5 - q1] -> /[q0 / q4][q4 - q1]
[q5 - q1] -> /[q0 / q5][q5 - q1]
[q5 - q1] -> /[q0 / q6][q6 - q1]
[q5 - q2] -> /[q0 / q0][q0 - q2]
[q5 - q2] -> /[q0 / q1][q1 - q2]
[q5 - q2] -> /[q0 / q2][q2 - q2]
[q5 - q2] -> /[q0 / q3][q3 - q2]
[q5 - q2] -> /[q0 / q4][q4 - q2]
[q5 - q2] -> /[q0 / q5][q5 - q2]
[q5 - q2] -> /[q0 / q6][q6 - q2]
[q5 - q3] -> /[q0 / q0][q0 - q3]
[q5 - q3] -> /[q0 / q1][q1 - q3]
[q5 - q3] -> /[q0 / q2][q2 - q3]
[q5 - q3] -> /[q0 / q3][q3 - q3]
[q5 - q3] -> /[q0 / q4][q4 - q3]
[q5 - q3] -> /[q0 / q5][q5 - q3]
[q5 - q3] -> /[q0 / q6][q6 - q3]
[q5 - q4] -> /[q0 / q0][q0 - q4]
[q5 - q4] -> /[q0 / q1][q1 - q4]
[q5 - q4] -> /[q0 / q2][q2 - q4]
[q5 - q4] -> /[q0 / q3][q3 - q4]
[q5 - q4] -> /[q0 / q4][q4 - q4]
[q5 - q4] -> /[q0 / q5][q5 - q4]
[q5 - q4] -> /[q0 / q6][q6 - q4]
[q5 - q5] -> /[q0 / q0][q0 - q5]
[q5 - q5] -> /[q0 / q1][q1 - q5]
[q5 - q5] -> /[q0 / q2][q2 - q5]
[q5 - q5] -> /[q0 / q3][q3 - q5]
[q5 - q5] -> /[q0 / q4][q4 - q5]
[q5 - q5] -> /[q0 / q5][q5 - q5]
[q5 - q5] -> /[q0 / q6][q6 - q5]
[q5 - q6] -> /[q0 / q0][q0 - q6]
[q5 - q6] -> /[q0 / q1][q1 - q6]
[q5 - q6] -> /[q0 / q2][q2 - q6]
[q5 - q6] -> /[q0 / q3][q3 - q6]
[q5 - q6] -> /[q0 / q4][q4 - q6]
[q5 - q6] -> /[q0 / q5][q5 - q6]
[q5 - q6] -> /[q0 / q6][q6 - q6]
[q5 * q0] -> /[q0 / q0][q0 * q0]
[q5 * q0] -> /[q0 / q1][q1 * q0]
[q5 * q0] -> /[q0 / q2][q2 * q0]
[q5 * q0] -> /[q0 / q3][q3 * q0]
[q5 * q0] -> /[q0 / q4][q4 * q0]
[q5 * q0] -> /[q0 / q5][q5 * q0]
[q5 * q0] -> /[q0 / q6][q6 * q0]
[q5 * q1] -> /[q0 / q0][q0 * q1]
[q5 * q1] -> /[q0 / q1][q1 * q1]
[q5 * q1] -> /[q0 / q2][q2 * q1]
[q5 * q1] -> /[q0 / q3][q3 * q1]
[q5 * q1] -> /[q0 / q4][q4 * q1]
[q5 * q1] -> /[q0 / q5][q5 * q1]
[q5 * q1] -> /[q0 / q6][q6 * q1]
[q5 * q2] -> /[q0 / q0][q0 * q2]
[q5 * q2] -> /[q0 / q1][q1 * q2]
[q5 * q2] -> /[q0 / q2][q2 * q2]
[q5 * q2] -> /[q0 / q3][q3 * q2]
[q5 * q2] -> /[q0 / q4][q4 * q2]
[q5 * q2] -> /[q0 / q5][q5 * q2]
[q5 * q2] -> /[q0 / q6][q6 * q2]
[q5 * q3] -> /[q0 / q0][q0 * q3]
[q5 * q3] -> /[q0 / q1][q1 * q3]
[q5 * q3] -> /[q0 / q2][q2 * q3]
[q5 * q3] -> /[q0 / q3][q3 * q3]
[q5 * q3] -> /[q0 / q4][q4 * q3]
[q5 * q3] -> /[q0 / q5][q5 * q3]
[q5 * q3] -> /[q0 / q6][q6 * q3]
[q5 * q4] -> /[q0 / q0][q0 * q4]
[q5 * q4] -> /[q0 / q1][q1 * q4]
[q5 * q4] -> /[q0 / q2][q2 * q4]
[q5 * q4] -> /[q0 / q3][q3 * q4]
[q5 * q4] -> /[q0 / q4][q4 * q4]
[q5 * q4] -> /[q0 / q5][q5 * q4]
[q5 * q4] -> /[q0 / q6][q6 * q4]
[q5 * q5] -> /[q0 / q0][q0 * q5]
[q5 * q5] -> /[q0 / q1][q1 * q5]
[q5 * q5] -> /[q0 / q2][q2 * q5]
[q5 * q5] -> /[q0 / q3][q3 * q5]
[q5 * q5] -> /[q0 / q4][q4 * q5]
[q5 * q5] -> /[q0 / q5][q5 * q5]
[q5 * q5] -> /[q0 / q6][q6 * q5]
[q5 * q6] -> /[q0 / q0][q0 * q6]
[q5 * q6] -> /[q0 / q1][q1 * q6]
[q5 * q6] -> /[q0 / q2][q2 * q6]
[q5 * q6] -> /[q0 / q3][q3 * q6]
[q5 * q6] -> /[q0 / q4][q4 * q6]
[q5 * q6] -> /[q0 / q5][q5 * q6]
[q5 * q6] -> /[q0 / q6][q6 * q6]
[q5 + q0] -> /[q0 / q0][q0 + q0]
[q5 + q0] -> /[q0 / q1][q1 + q0]
[q5 + q0] -> /[q0 / q2][q2 + q0]
[q5 + q0] -> /[q0 / q3][q3 + q0]
[q5 + q0] -> /[q0 / q4][q4 + q0]
[q5 + q0] -> /[q0 / q5][q5 + q0]
[q5 + q0] -> /[q0 / q6][q6 + q0]
[q5 + q1] -> /[q0 / q0][q0 + q1]
[q5 + q1] -> /[q0 / q1][q1 + q1]
[q5 + q1] -> /[q0 / q2][q2 + q1]
[q5 + q1] -> /[q0 / q3][q3 + q1]
[q5 + q1] -> /[q0 / q4][q4 + q1]
[q5 + q1] -> /[q0 / q5][q5 + q1]
[q5 + q1] -> /[q0 / q6][q6 + q1]
[q5 + q2] -> /[q0 / q0][q0 + q2]
[q5 + q2] -> /[q0 / q1][q1 + q2]
[q5 + q2] -> /[q0 / q2][q2 + q2]
[q5 + q2] -> /[q0 / q3][q3 + q2]
[q5 + q2] -> /[q0 / q4][q4 + q2]
[q5 + q2] -> /[q0 / q5][q5 + q2]
[q5 + q2] -> /[q0 / q6][q6 + q2]
[q5 + q3] -> /[q0 / q0][q0 + q3]
[q5 + q3] -> /[q0 / q1][q1 + q3]
[q5 + q3] -> /[q0 / q2][q2 + q3]
[q5 + q3] -> /[q0 / q3][q3 + q3]
[q5 + q3] -> /[q0 / q4][q4 + q3]
[q5 + q3] -> /[q0 / q5][q5 + q3]
[q5 + q3] -> /[q0 / q6][q6 + q3]
[q5 + q4] -> /[q0 / q0][q0 + q4]
[q5 + q4] -> /[q0 / q1][q1 + q4]
[q5 + q4] -> /[q0 / q2][q2 + q4]
[q5 + q4] -> /[q0 / q3][q3 + q4]
[q5 + q4] -> /[q0 / q4][q4 + q4]
[q5 + q4] -> /[q0 / q5][q5 + q4]
[q5 + q4] -> /[q0 / q6][q6 + q4]
[q5 + q5] -> /[q0 / q0][q0 + q5]
[q5 + q5] -> /[q0 / q1][q1 + q5]
[q5 + q5] -> /[q0 / q2][q2 + q5]
[q5 + q5] -> /[q0 / q3][q3 + q5]
[q5 + q5] -> /[q0 / q4][q4 + q5]
[q5 + q5] -> /[q0 / q5][q5 + q5]
[q5 + q5] -> /[q0 / q6][q6 + q5]
[q5 + q6] -> /[q0 / q0][q0 + q6]
[q5 + q6] -> /[q0 / q1][q1 + q6]
[q5 + q6] -> /[q0 / q2][q2 + q6]
[q5 + q6] -> /[q0 / q3][q3 + q6]
[q5 + q6] -> /[q0 / q4][q4 + q6]
[q5 + q6] -> /[q0 / q5][q5 + q6]
[q5 + q6] -> /[q0 / q6][q6 + q6]
[q5 / q0] -> /[q0 / q0][q0 / q0]
[q5 / q0] -> /[q0 / q1][q1 / q0]
[q5 / q0] -> /[q0 / q2][q2 / q0]
[q5 / q0] -> /[q0 / q3][q3 / q0]
[q5 / q0] -> /[q0 / q4][q4 / q0]
[q5 / q0] -> /[q0 / q5][q5 / q0]
[q5 / q0] -> /[q0 / q6][q6 / q0]
[q5 / q1] -> /[q0 / q0][q0 / q1]
[q5 / q1] -> /[q0 / q1][q1 / q1]
[q5 / q1] -> /[q0 / q2][q2 / q1]
[q5 / q1] -> /[q0 / q3][q3 / q1]
[q5 / q1] -> /[q0 / q4][q4 / q1]
[q5 / q1] -> /[q0 / q5][q5 / q1]
[q5 / q1] -> /[q0 / q6][q6 / q1]
[q5 / q2] -> /[q0 / q0][q0 / q2]
[q5 / q2] -> /[q0 / q1][q1 / q2]
[q5 / q2] -> /[q0 / q2][q2 / q2]
[q5 / q2] -> /[q0 / q3][q3 / q2]
[q5 / q2] -> /[q0 / q4][q4 / q2]
[q5 / q2] -> /[q0 / q5][q5 / q2]
[q5 / q2] -> /[q0 / q6][q6 / q2]
[q5 / q3] -> /[q0 / q0][q0 / q3]
[q5 / q3] -> /[q0 / q1][q1 / q3]
[q5 / q3] -> /[q0 / q2][q2 / q3]
[q5 / q3] -> /[q0 / q3][q3 / q3]
[q5 / q3] -> /[q0 / q4][q4 / q3]
[q5 / q3] -> /[q0 / q5][q5 / q3]
[q5 / q3] -> /[q0 / q6][q6 / q3]
[q5 / q4] -> /[q0 / q0][q0 / q4]
[q5 / q4] -> /[q0 / q1][q1 / q4]
[q5 / q4] -> /[q0 / q2][q2 / q4]
[q5 / q4] -> /[q0 / q3][q3 / q4]
[q5 / q4] -> /[q0 / q4][q4 / q4]
[q5 / q4] -> /[q0 / q5][q5 / q4]
[q5 / q4] -> /[q0 / q6][q6 / q4]
[q5 / q5] -> /[q0 / q0][q0 / q5]
[q5 / q5] -> /[q0 / q1][q1 / q5]
[q5 / q5] -> /[q0 / q2][q2 / q5]
[q5 / q5] -> /[q0 / q3][q3 / q5]
[q5 / q5] -> /[q0 / q4][q4 / q5]
[q5 / q5] -> /[q0 / q5][q5 / q5]
[q5 / q5] -> /[q0 / q6][q6 / q5]
[q5 / q6] -> /[q0 / q0][q0 / q6]
[q5 / q6] -> /[q0 / q1][q1 / q6]
[q5 / q6] -> /[q0 / q2][q2 / q6]
[q5 / q6] -> /[q0 / q3][q3 / q6]
[q5 / q6] -> /[q0 / q4][q4 / q6]
[q5 / q6] -> /[q0 / q5][q5 / q6]
[q5 / q6] -> /[q0 / q6][q6 / q6]
[q5 - q0] -> [q0 - q0]
[q5 - q1] -> [q0 - q1]
[q5 - q2] -> [q0 - q2]
[q5 - q3] -> [q0 - q3]
[q5 - q4] -> [q0 - q4]
[q5 - q5] -> [q0 - q5]
[q5 - q6] -> [q0 - q6]
[q5 / q0] -> [q0 / q0]
[q5 / q1] -> [q0 / q1]
[q5 / q2] -> [q0 / q2]
[q5 / q3] -> [q0 / q3]
[q5 / q4] -> [q0 / q4]
[q5 / q5] -> [q0 / q5]
[q5 / q6] -> [q0 / q6]
[q5 * q0] -> [q0 * q0]
[q5 * q1] -> [q0 * q1]
[q5 * q2] -> [q0 * q2]
[q5 * q3] -> [q0 * q3]
[q5 * q4] -> [q0 * q4]
[q5 * q5] -> [q0 * q5]
[q5 * q6] -> [q0 * q6]
[q5 + q0] -> [q0 + q0]
[q5 + q1] -> [q0 + q1]
[q5 + q2] -> [q0 + q2]
[q5 + q3] -> [q0 + q3]
[q5 + q4] -> [q0 + q4]
[q5 + q5] -> [q0 + q5]
[q5 + q6] -> [q0 + q6]
[q5 e q0] -> +[q0 + q0]
[q5 e q1] -> +[q0 + q1]
[q5 e q2] -> +[q0 + q2]
[q5 e q3] -> +[q0 + q3]
[q5 e q4] -> +[q0 + q4]
[q5 e q5] -> +[q0 + q5]
[q5 e q6] -> +[q0 + q6]
[q5 e q0] -> -[q0 - q0]
[q5 e q1] -> -[q0 - q1]
[q5 e q2] -> -[q0 - q2]
[q5 e q3] -> -[q0 - q3]
[q5 e q4] -> -[q0 - q4]
[q5 e q5] -> -[q0 - q5]
[q5 e q6] -> -[q0 - q6]
[q5 e q0] -> *[q0 * q0]
[q5 e q1] -> *[q0 * q1]
[q5 e q2] -> *[q0 * q2]
[q5 e q3] -> *[q0 * q3]
[q5 e q4] -> *[q0 * q4]
[q5 e q5] -> *[q0 * q5]
[q5 e q6] -> *[q0 * q6]
[q5 e q0] -> /[q0 / q0]
[q5 e q1] -> /[q0 / q1]
[q5 e q2] -> /[q0 / q2]
[q5 e q3] -> /[q0 / q3]
[q5 e q4] -> /[q0 / q4]
[q5 e q5] -> /[q0 / q5]
[q5 e q6] -> /[q0 / q6]
[q5 + q0] -> +[q0 + q0][q0 + q0]
[q5 + q0] -> +[q0 + q1][q1 + q0]
[q5 + q0] -> +[q0 + q2][q2 + q0]
[q5 + q0] -> +[q0 + q3][q3 + q0]
[q5 + q0] -> +[q0 + q4][q4 + q0]
[q5 + q0] -> +[q0 + q5][q5 + q0]
[q5 + q0] -> +[q0 + q6][q6 + q0]
[q5 + q1] -> +[q0 + q0][q0 + q1]
[q5 + q1] -> +[q0 + q1][q1 + q1]
[q5 + q1] -> +[q0 + q2][q2 + q1]
[q5 + q1] -> +[q0 + q3][q3 + q1]
[q5 + q1] -> +[q0 + q4][q4 + q1]
[q5 + q1] -> +[q0 + q5][q5 + q1]
[q5 + q1] -> +[q0 + q6][q6 + q1]
[q5 + q2] -> +[q0 + q0][q0 + q2]
[q5 + q2] -> +[q0 + q1][q1 + q2]
[q5 + q2] -> +[q0 + q2][q2 + q2]
[q5 + q2] -> +[q0 + q3][q3 + q2]
[q5 + q2] -> +[q0 + q4][q4 + q2]
[q5 + q2] -> +[q0 + q5][q5 + q2]
[q5 + q2] -> +[q0 + q6][q6 + q2]
[q5 + q3] -> +[q0 + q0][q0 + q3]
[q5 + q3] -> +[q0 + q1][q1 + q3]
[q5 + q3] -> +[q0 + q2][q2 + q3]
[q5 + q3] -> +[q0 + q3][q3 + q3]
[q5 + q3] -> +[q0 + q4][q4 + q3]
[q5 + q3] -> +[q0 + q5][q5 + q3]
[q5 + q3] -> +[q0 + q6][q6 + q3]
[q5 + q4] -> +[q0 + q0][q0 + q4]
[q5 + q4] -> +[q0 + q1][q1 + q4]
[q5 + q4] -> +[q0 + q2][q2 + q4]
[q5 + q4] -> +[q0 + q3][q3 + q4]
[q5 + q4] -> +[q0 + q4][q4 + q4]
[q5 + q4] -> +[q0 + q5][q5 + q4]
[q5 + q4] -> +[q0 + q6][q6 + q4]
[q5 + q5] -> +[q0 + q0][q0 + q5]
[q5 + q5] -> +[q0 + q1][q1 + q5]
[q5 + q5] -> +[q0 + q2][q2 + q5]
[q5 + q5] -> +[q0 + q3][q3 + q5]
[q5 + q5] -> +[q0 + q4][q4 + q5]
[q5 + q5] -> +[q0 + q5][q5 + q5]
[q5 + q5] -> +[q0 + q6][q6 + q5]
[q5 + q6] -> +[q0 + q0][q0 + q6]
[q5 + q6] -> +[q0 + q1][q1 + q6]
[q5 + q6] -> +[q0 + q2][q2 + q6]
[q5 + q6] -> +[q0 + q3][q3 + q6]
[q5 + q6] -> +[q0 + q4][q4 + q6]
[q5 + q6] -> +[q0 + q5][q5 + q6]
[q5 + q6] -> +[q0 + q6][q6 + q6]
[q5 - q0] -> +[q0 + q0][q0 - q0]
[q5 - q0] -> +[q0 + q1][q1 - q0]
[q5 - q0] -> +[q0 + q2][q2 - q0]
[q5 - q0] -> +[q0 + q3][q3 - q0]
[q5 - q0] -> +[q0 + q4][q4 - q0]
[q5 - q0] -> +[q0 + q5][q5 - q0]
[q5 - q0] -> +[q0 + q6][q6 - q0]
[q5 - q1] -> +[q0 + q0][q0 - q1]
[q5 - q1] -> +[q0 + q1][q1 - q1]
[q5 - q1] -> +[q0 + q2][q2 - q1]
[q5 - q1] -> +[q0 + q3][q3 - q1]
[q5 - q1] -> +[q0 + q4][q4 - q1]
[q5 - q1] -> +[q0 + q5][q5 - q1]
[q5 - q1] -> +[q0 + q6][q6 - q1]
[q5 - q2] -> +[q0 + q0][q0 - q2]
[q5 - q2] -> +[q0 + q1][q1 - q2]
[q5 - q2] -> +[q0 + q2][q2 - q2]
[q5 - q2] -> +[q0 + q3][q3 - q2]
[q5 - q2] -> +[q0 + q4][q4 - q2]
[q5 - q2] -> +[q0 + q5][q5 - q2]
[q5 - q2] -> +[q0 + q6][q6 - q2]
[q5 - q3] -> +[q0 + q0][q0 - q3]
[q5 - q3] -> +[q0 + q1][q1 - q3]
[q5 - q3] -> +[q0 + q2][q2 - q3]
[q5 - q3] -> +[q0 + q3][q3 - q3]
[q5 - q3] -> +[q0 + q4][q4 - q3]
[q5 - q3] -> +[q0 + q5][q5 - q3]
[q5 - q3] -> +[q0 + q6][q6 - q3]
[q5 - q4] -> +[q0 + q0][q0 - q4]
[q5 - q4] -> +[q0 + q1][q1 - q4]
[q5 - q4] -> +[q0 + q2][q2 - q4]
[q5 - q4] -> +[q0 + q3][q3 - q4]
[q5 - q4] -> +[q0 + q4][q4 - q4]
[q5 - q4] -> +[q0 + q5][q5 - q4]
[q5 - q4] -> +[q0 + q6][q6 - q4]
[q5 - q5] -> +[q0 + q0][q0 - q5]
[q5 - q5] -> +[q0 + q1][q1 - q5]
[q5 - q5] -> +[q0 + q2][q2 - q5]
[q5 - q5] -> +[q0 + q3][q3 - q5]
[q5 - q5] -> +[q0 + q4][q4 - q5]
[q5 - q5] -> +[q0 + q5][q5 - q5]
[q5 - q5] -> +[q0 + q6][q6 - q5]
[q5 - q6] -> +[q0 + q0][q0 - q6]
[q5 - q6] -> +[q0 + q1][q1 - q6]
[q5 - q6] -> +[q0 + q2][q2 - q6]
[q5 - q6] -> +[q0 + q3][q3 - q6]
[q5 - q6] -> +[q0 + q4][q4 - q6]
[q5 - q6] -> +[q0 + q5][q5 - q6]
[q5 - q6] -> +[q0 + q6][q6 - q6]
[q5 * q0] -> +[q0 + q0][q0 * q0]
[q5 * q0] -> +[q0 + q1][q1 * q0]
[q5 * q0] -> +[q0 + q2][q2 * q0]
[q5 * q0] -> +[q0 + q3][q3 * q0]
[q5 * q0] -> +[q0 + q4][q4 * q0]
[q5 * q0] -> +[q0 + q5][q5 * q0]
[q5 * q0] -> +[q0 + q6][q6 * q0]
[q5 * q1] -> +[q0 + q0][q0 * q1]
[q5 * q1] -> +[q0 + q1][q1 * q1]
[q5 * q1] -> +[q0 + q2][q2 * q1]
[q5 * q1] -> +[q0 + q3][q3 * q1]
[q5 * q1] -> +[q0 + q4][q4 * q1]
[q5 * q1] -> +[q0 + q5][q5 * q1]
[q5 * q1] -> +[q0 + q6][q6 * q1]
[q5 * q2] -> +[q0 + q0][q0 * q2]
[q5 * q2] -> +[q0 + q1][q1 * q2]
[q5 * q2] -> +[q0 + q2][q2 * q2]
[q5 * q2] -> +[q0 + q3][q3 * q2]
[q5 * q2] -> +[q0 + q4][q4 * q2]
[q5 * q2] -> +[q0 + q5][q5 * q2]
[q5 * q2] -> +[q0 + q6][q6 * q2]
[q5 * q3] -> +[q0 + q0][q0 * q3]
[q5 * q3] -> +[q0 + q1][q1 * q3]
[q5 * q3] -> +[q0 + q2][q2 * q3]
[q5 * q3] -> +[q0 + q3][q3 * q3]
[q5 * q3] -> +[q0 + q4][q4 * q3]
[q5 * q3] -> +[q0 + q5][q5 * q3]
[q5 * q3] -> +[q0 + q6][q6 * q3]
[q5 * q4] -> +[q0 + q0][q0 * q4]
[q5 * q4] -> +[q0 + q1][q1 * q4]
[q5 * q4] -> +[q0 + q2][q2 * q4]
[q5 * q4] -> +[q0 + q3][q3 * q4]
[q5 * q4] -> +[q0 + q4][q4 * q4]
[q5 * q4] -> +[q0 + q5][q5 * q4]
[q5 * q4] -> +[q0 + q6][q6 * q4]
[q5 * q5] -> +[q0 + q0][q0 * q5]
[q5 * q5] -> +[q0 + q1][q1 * q5]
[q5 * q5] -> +[q0 + q2][q2 * q5]
[q5 * q5] -> +[q0 + q3][q3 * q5]
[q5 * q5] -> +[q0 + q4][q4 * q5]
[q5 * q5] -> +[q0 + q5][q5 * q5]
[q5 * q5] -> +[q0 + q6][q6 * q5]
[q5 * q6] -> +[q0 + q0][q0 * q6]
[q5 * q6] -> +[q0 + q1][q1 * q6]
[q5 * q6] -> +[q0 + q2][q2 * q6]
[q5 * q6] -> +[q0 + q3][q3 * q6]
[q5 * q6] -> +[q0 + q4][q4 * q6]
[q5 * q6] -> +[q0 + q5][q5 * q6]
[q5 * q6] -> +[q0 + q6][q6 * q6]
[q5 / q0] -> +[q0 + q0][q0 / q0]
[q5 / q0] -> +[q0 + q1][q1 / q0]
[q5 / q0] -> +[q0 + q2][q2 / q0]
[q5 / q0] -> +[q0 + q3][q3 / q0]
[q5 / q0] -> +[q0 + q4][q4 / q0]
[q5 / q0] -> +[q0 + q5][q5 / q0]
[q5 / q0] -> +[q0 + q6][q6 / q0]
[q5 / q1] -> +[q0 + q0][q0 / q1]
[q5 / q1] -> +[q0 + q1][q1 / q1]
[q5 / q1] -> +[q0 + q2][q2 / q1]
[q5 / q1] -> +[q0 + q3][q3 / q1]
[q5 / q1] -> +[q0 + q4][q4 / q1]
[q5 / q1] -> +[q0 + q5][q5 / q1]
[q5 / q1] -> +[q0 + q6][q6 / q1]
[q5 / q2] -> +[q0 + q0][q0 / q2]
[q5 / q2] -> +[q0 + q1][q1 / q2]
[q5 / q2] -> +[q0 + q2][q2 / q2]
[q5 / q2] -> +[q0 + q3][q3 / q2]
[q5 / q2] -> +[q0 + q4][q4 / q2]
[q5 / q2] -> +[q0 + q5][q5 / q2]
[q5 / q2] -> +[q0 + q6][q6 / q2]
[q5 / q3] -> +[q0 + q0][q0 / q3]
[q5 / q3] -> +[q0 + q1][q1 / q3]
[q5 / q3] -> +[q0 + q2][q2 / q3]
[q5 / q3] -> +[q0 + q3][q3 / q3]
[q5 / q3] -> +[q0 + q4][q4 / q3]
[q5 / q3] -> +[q0 + q5][q5 / q3]
[q5 / q3] -> +[q0 + q6][q6 / q3]
[q5 / q4] -> +[q0 + q0][q0 / q4]
[q5 / q4] -> +[q0 + q1][q1 / q4]
[q5 / q4] -> +[q0 + q2][q2 / q4]
[q5 / q4] -> +[q0 + q3][q3 / q4]
[q5 / q4] -> +[q0 + q4][q4 / q4]
[q5 / q4] -> +[q0 + q5][q5 / q4]
[q5 / q4] -> +[q0 + q6][q6 / q4]
[q5 / q5] -> +[q0 + q0][q0 / q5]
[q5 / q5] -> +[q0 + q1][q1 / q5]
[q5 / q5] -> +[q0 + q2][q2 / q5]
[q5 / q5] -> +[q0 + q3][q3 / q5]
[q5 / q5] -> +[q0 + q4][q4 / q5]
[q5 / q5] -> +[q0 + q5][q5 / q5]
[q5 / q5] -> +[q0 + q6][q6 / q5]
[q5 / q6] -> +[q0 + q0][q0 / q6]
[q5 / q6] -> +[q0 + q1][q1 / q6]
[q5 / q6] -> +[q0 + q2][q2 / q6]
[q5 / q6] -> +[q0 + q3][q3 / q6]
[q5 / q6] -> +[q0 + q4][q4 / q6]
[q5 / q6] -> +[q0 + q5][q5 / q6]
[q5 / q6] -> +[q0 + q6][q6 / q6]
[q5 + q0] -> -[q0 - q0][q0 + q0]
[q5 + q0] -> -[q0 - q1][q1 + q0]
[q5 + q0] -> -[q0 - q2][q2 + q0]
[q5 + q0] -> -[q0 - q3][q3 + q0]
[q5 + q0] -> -[q0 - q4][q4 + q0]
[q5 + q0] -> -[q0 - q5][q5 + q0]
[q5 + q0] -> -[q0 - q6][q6 + q0]
[q5 + q1] -> -[q0 - q0][q0 + q1]
[q5 + q1] -> -[q0 - q1][q1 + q1]
[q5 + q1] -> -[q0 - q2][q2 + q1]
[q5 + q1] -> -[q0 - q3][q3 + q1]
[q5 + q1] -> -[q0 - q4][q4 + q1]
[q5 + q1] -> -[q0 - q5][q5 + q1]
[q5 + q1] -> -[q0 - q6][q6 + q1]
[q5 + q2] -> -[q0 - q0][q0 + q2]
[q5 + q2] -> -[q0 - q1][q1 + q2]
[q5 + q2] -> -[q0 - q2][q2 + q2]
[q5 + q2] -> -[q0 - q3][q3 + q2]
[q5 + q2] -> -[q0 - q4][q4 + q2]
[q5 + q2] -> -[q0 - q5][q5 + q2]
[q5 + q2] -> -[q0 - q6][q6 + q2]
[q5 + q3] -> -[q0 - q0][q0 + q3]
[q5 + q3] -> -[q0 - q1][q1 + q3]
[q5 + q3] -> -[q0 - q2][q2 + q3]
[q5 + q3] -> -[q0 - q3][q3 + q3]
[q5 + q3] -> -[q0 - q4][q4 + q3]
[q5 + q3] -> -[q0 - q5][q5 + q3]
[q5 + q3] -> -[q0 - q6][q6 + q3]
[q5 + q4] -> -[q0 - q0][q0 + q4]
[q5 + q4] -> -[q0 - q1][q1 + q4]
[q5 + q4] -> -[q0 - q2][q2 + q4]
[q5 + q4] -> -[q0 - q3][q3 + q4]
[q5 + q4] -> -[q0 - q4][q4 + q4]
[q5 + q4] -> -[q0 - q5][q5 + q4]
[q5 + q4] -> -[q0 - q6][q6 + q4]
[q5 + q5] -> -[q0 - q0][q0 + q5]
[q5 + q5] -> -[q0 - q1][q1 + q5]
[q5 + q5] -> -[q0 - q2][q2 + q5]
[q5 + q5] -> -[q0 - q3][q3 + q5]
[q5 + q5] -> -[q0 - q4][q4 + q5]
[q5 + q5] -> -[q0 - q5][q5 + q5]
[q5 + q5] -> -[q0 - q6][q6 + q5]
[q5 + q6] -> -[q0 - q0][q0 + q6]
[q5 + q6] -> -[q0 - q1][q1 + q6]
[q5 + q6] -> -[q0 - q2][q2 + q6]
[q5 + q6] -> -[q0 - q3][q3 + q6]
[q5 + q6] -> -[q0 - q4][q4 + q6]
[q5 + q6] -> -[q0 - q5][q5 + q6]
[q5 + q6] -> -[q0 - q6][q6 + q6]
[q5 - q0] -> -[q0 - q0][q0 - q0]
[q5 - q0] -> -[q0 - q1][q1 - q0]
[q5 - q0] -> -[q0 - q2][q2 - q0]
[q5 - q0] -> -[q0 - q3][q3 - q0]
[q5 - q0] -> -[q0 - q4][q4 - q0]
[q5 - q0] -> -[q0 - q5][q5 - q0]
[q5 - q0] -> -[q0 - q6][q6 - q0]
[q5 - q1] -> -[q0 - q0][q0 - q1]
[q5 - q1] -> -[q0 - q1][q1 - q1]
[q5 - q1] -> -[q0 - q2][q2 - q1]
[q5 - q1] -> -[q0 - q3][q3 - q1]
[q5 - q1] -> -[q0 - q4][q4 - q1]
[q5 - q1] -> -[q0 - q5][q5 - q1]
[q5 - q1] -> -[q0 - q6][q6 - q1]
[q5 - q2] -> -[q0 - q0][q0 - q2]
[q5 - q2] -> -[q0 - q1][q1 - q2]
[q5 - q2] -> -[q0 - q2][q2 - q2]
[q5 - q2] -> -[q0 - q3][q3 - q2]
[q5 - q2] -> -[q0 - q4][q4 - q2]
[q5 - q2] -> -[q0 - q5][q5 - q2]
[q5 - q2] -> -[q0 - q6][q6 - q2]
[q5 - q3] -> -[q0 - q0][q0 - q3]
[q5 - q3] -> -[q0 - q1][q1 - q3]
[q5 - q3] -> -[q0 - q2][q2 - q3]
[q5 - q3] -> -[q0 - q3][q3 - q3]
[q5 - q3] -> -[q0 - q4][q4 - q3]
[q5 - q3] -> -[q0 - q5][q5 - q3]
[q5 - q3] -> -[q0 - q6][q6 - q3]
[q5 - q4] -> -[q0 - q0][q0 - q4]
[q5 - q4] -> -[q0 - q1][q1 - q4]
[q5 - q4] -> -[q0 - q2][q2 - q4]
[q5 - q4] -> -[q0 - q3][q3 - q4]
[q5 - q4] -> -[q0 - q4][q4 - q4]
[q5 - q4] -> -[q0 - q5][q5 - q4]
[q5 - q4] -> -[q0 - q6][q6 - q4]
[q5 - q5] -> -[q0 - q0][q0 - q5]
[q5 - q5] -> -[q0 - q1][q1 - q5]
[q5 - q5] -> -[q0 - q2][q2 - q5]
[q5 - q5] -> -[q0 - q3][q3 - q5]
[q5 - q5] -> -[q0 - q4][q4 - q5]
[q5 - q5] -> -[q0 - q5][q5 - q5]
[q5 - q5] -> -[q0 - q6][q6 - q5]
[q5 - q6] -> -[q0 - q0][q0 - q6]
[q5 - q6] -> -[q0 - q1][q1 - q6]
[q5 - q6] -> -[q0 - q2][q2 - q6]
[q5 - q6] -> -[q0 - q3][q3 - q6]
[q5 - q6] -> -[q0 - q4][q4 - q6]
[q5 - q6] -> -[q0 - q5][q5 - q6]
[q5 - q6] -> -[q0 - q6][q6 - q6]
[q5 * q0] -> -[q0 - q0][q0 * q0]
[q5 * q0] -> -[q0 - q1][q1 * q0]
[q5 * q0] -> -[q0 - q2][q2 * q0]
[q5 * q0] -> -[q0 - q3][q3 * q0]
[q5 * q0] -> -[q0 - q4][q4 * q0]
[q5 * q0] -> -[q0 - q5][q5 * q0]
[q5 * q0] -> -[q0 - q6][q6 * q0]
[q5 * q1] -> -[q0 - q0][q0 * q1]
[q5 * q1] -> -[q0 - q1][q1 * q1]
[q5 * q1] -> -[q0 - q2][q2 * q1]
[q5 * q1] -> -[q0 - q3][q3 * q1]
[q5 * q1] -> -[q0 - q4][q4 * q1]
[q5 * q1] -> -[q0 - q5][q5 * q1]
[q5 * q1] -> -[q0 - q6][q6 * q1]
[q5 * q2] -> -[q0 - q0][q0 * q2]
[q5 * q2] -> -[q0 - q1][q1 * q2]
[q5 * q2] -> -[q0 - q2][q2 * q2]
[q5 * q2] -> -[q0 - q3][q3 * q2]
[q5 * q2] -> -[q0 - q4][q4 * q2]
[q5 * q2] -> -[q0 - q5][q5 * q2]
[q5 * q2] -> -[q0 - q6][q6 * q2]
[q5 * q3] -> -[q0 - q0][q0 * q3]
[q5 * q3] -> -[q0 - q1][q1 * q3]
[q5 * q3] -> -[q0 - q2][q2 * q3]
[q5 * q3] -> -[q0 - q3][q3 * q3]
[q5 * q3] -> -[q0 - q4][q4 * q3]
[q5 * q3] -> -[q0 - q5][q5 * q3]
[q5 * q3] -> -[q0 - q6][q6 * q3]
[q5 * q4] -> -[q0 - q0][q0 * q4]
[q5 * q4] -> -[q0 - q1][q1 * q4]
[q5 * q4] -> -[q0 - q2][q2 * q4]
[q5 * q4] -> -[q0 - q3][q3 * q4]
[q5 * q4] -> -[q0 - q4][q4 * q4]
[q5 * q4] -> -[q0 - q5][q5 * q4]
[q5 * q4] -> -[q0 - q6][q6 * q4]
[q5 * q5] -> -[q0 - q0][q0 * q5]
[q5 * q5] -> -[q0 - q1][q1 * q5]
[q5 * q5] -> -[q0 - q2][q2 * q5]
[q5 * q5] -> -[q0 - q3][q3 * q5]
[q5 * q5] -> -[q0 - q4][q4 * q5]
[q5 * q5] -> -[q0 - q5][q5 * q5]
[q5 * q5] -> -[q0 - q6][q6 * q5]
[q5 * q6] -> -[q0 - q0][q0 * q6]
[q5 * q6] -> -[q0 - q1][q1 * q6]
[q5 * q6] -> -[q0 - q2][q2 * q6]
[q5 * q6] -> -[q0 - q3][q3 * q6]
[q5 * q6] -> -[q0 - q4][q4 * q6]
[q5 * q6] -> -[q0 - q5][q5 * q6]
[q5 * q6] -> -[q0 - q6][q6 * q6]
[q5 / q0] -> -[q0 - q0][q0 / q0]
[q5 / q0] -> -[q0 - q1][q1 / q0]
[q5 / q0] -> -[q0 - q2][q2 / q0]
[q5 / q0] -> -[q0 - q3][q3 / q0]
[q5 / q0] -> -[q0 - q4][q4 / q0]
[q5 / q0] -> -[q0 - q5][q5 / q0]
[q5 / q0] -> -[q0 - q6][q6 / q0]
[q5 / q1] -> -[q0 - q0][q0 / q1]
[q5 / q1] -> -[q0 - q1][q1 / q1]
[q5 / q1] -> -[q0 - q2][q2 / q1]
[q5 / q1] -> -[q0 - q3][q3 / q1]
[q5 / q1] -> -[q0 - q4][q4 / q1]
[q5 / q1] -> -[q0 - q5][q5 / q1]
[q5 / q1] -> -[q0 - q6][q6 / q1]
[q5 / q2] -> -[q0 - q0][q0 / q2]
[q5 / q2] -> -[q0 - q1][q1 / q2]
[q5 / q2] -> -[q0 - q2][q2 / q2]
[q5 / q2] -> -[q0 - q3][q3 / q2]
[q5 / q2] -> -[q0 - q4][q4 / q2]
[q5 / q2] -> -[q0 - q5][q5 / q2]
[q5 / q2] -> -[q0 - q6][q6 / q2]
[q5 / q3] -> -[q0 - q0][q0 / q3]
[q5 / q3] -> -[q0 - q1][q1 / q3]
[q5 / q3] -> -[q0 - q2][q2 / q3]
[q5 / q3] -> -[q0 - q3][q3 / q3]
[q5 / q3] -> -[q0 - q4][q4 / q3]
[q5 / q3] -> -[q0 - q5][q5 / q3]
[q5 / q3] -> -[q0 - q6][q6 / q3]
[q5 / q4] -> -[q0 - q0][q0 / q4]
[q5 / q4] -> -[q0 - q1][q1 / q4]
[q5 / q4] -> -[q0 - q2][q2 / q4]
[q5 / q4] -> -[q0 - q3][q3 / q4]
[q5 / q4] -> -[q0 - q4][q4 / q4]
[q5 / q4] -> -[q0 - q5][q5 / q4]
[q5 / q4] -> -[q0 - q6][q6 / q4]
[q5 / q5] -> -[q0 - q0][q0 / q5]
[q5 / q5] -> -[q0 - q1][q1 / q5]
[q5 / q5] -> -[q0 - q2][q2 / q5]
[q5 / q5] -> -[q0 - q3][q3 / q5]
[q5 / q5] -> -[q0 - q4][q4 / q5]
[q5 / q5] -> -[q0 - q5][q5 / q5]
[q5 / q5] -> -[q0 - q6][q6 / q5]
[q5 / q6] -> -[q0 - q0][q0 / q6]
[q5 / q6] -> -[q0 - q1][q1 / q6]
[q5 / q6] -> -[q0 - q2][q2 / q6]
[q5 / q6] -> -[q0 - q3][q3 / q6]
[q5 / q6] -> -[q0 - q4][q4 / q6]
[q5 / q6] -> -[q0 - q5][q5 / q6]
[q5 / q6] -> -[q0 - q6][q6 / q6]
[q5 ( q0] -> +[q0 + q0][q0 ( q0]
[q5 ( q0] -> +[q0 + q1][q1 ( q0]
[q5 ( q0] -> +[q0 + q2][q2 ( q0]
[q5 ( q0] -> +[q0 + q3][q3 ( q0]
[q5 ( q0] -> +[q0 + q4][q4 ( q0]
[q5 ( q0] -> +[q0 + q5][q5 ( q0]
[q5 ( q0] -> +[q0 + q6][q6 ( q0]
[q5 ( q1] -> +[q0 + q0][q0 ( q1]
[q5 ( q1] -> +[q0 + q1][q1 ( q1]
[q5 ( q1] -> +[q0 + q2][q2 ( q1]
[q5 ( q1] -> +[q0 + q3][q3 ( q1]
[q5 ( q1] -> +[q0 + q4][q4 ( q1]
[q5 ( q1] -> +[q0 + q5][q5 ( q1]
[q5 ( q1] -> +[q0 + q6][q6 ( q1]
[q5 ( q2] -> +[q0 + q0][q0 ( q2]
[q5 ( q2] -> +[q0 + q1][q1 ( q2]
[q5 ( q2] -> +[q0 + q2][q2 ( q2]
[q5 ( q2] -> +[q0 + q3][q3 ( q2]
[q5 ( q2] -> +[q0 + q4][q4 ( q2]
[q5 ( q2] -> +[q0 + q5][q5 ( q2]
[q5 ( q2] -> +[q0 + q6][q6 ( q2]
[q5 ( q3] -> +[q0 + q0][q0 ( q3]
[q5 ( q3] -> +[q0 + q1][q1 ( q3]
[q5 ( q3] -> +[q0 + q2][q2 ( q3]
[q5 ( q3] -> +[q0 + q3][q3 ( q3]
[q5 ( q3] -> +[q0 + q4][q4 ( q3]
[q5 ( q3] -> +[q0 + q5][q5 ( q3]
[q5 ( q3] -> +[q0 + q6][q6 ( q3]
[q5 ( q4] -> +[q0 + q0][q0 ( q4]
[q5 ( q4] -> +[q0 + q1][q1 ( q4]
[q5 ( q4] -> +[q0 + q2][q2 ( q4]
[q5 ( q4] -> +[q0 + q3][q3 ( q4]
[q5 ( q4] -> +[q0 + q4][q4 ( q4]
[q5 ( q4] -> +[q0 + q5][q5 ( q4]
[q5 ( q4] -> +[q0 + q6][q6 ( q4]
[q5 ( q5] -> +[q0 + q0][q0 ( q5]
[q5 ( q5] -> +[q0 + q1][q1 ( q5]
[q5 ( q5] -> +[q0 + q2][q2 ( q5]
[q5 ( q5] -> +[q0 + q3][q3 ( q5]
[q5 ( q5] -> +[q0 + q4][q4 ( q5]
[q5 ( q5] -> +[q0 + q5][q5 ( q5]
[q5 ( q5] -> +[q0 + q6][q6 ( q5]
[q5 ( q6] -> +[q0 + q0][q0 ( q6]
[q5 ( q6] -> +[q0 + q1][q1 ( q6]
[q5 ( q6] -> +[q0 + q2][q2 ( q6]
[q5 ( q6] -> +[q0 + q3][q3 ( q6]
[q5 ( q6] -> +[q0 + q4][q4 ( q6]
[q5 ( q6] -> +[q0 + q5][q5 ( q6]
[q5 ( q6] -> +[q0 + q6][q6 ( q6]
[q5 ( q0] -> -[q0 - q0][q0 ( q0]
[q5 ( q0] -> -[q0 - q1][q1 ( q0]
[q5 ( q0] -> -[q0 - q2][q2 ( q0]
[q5 ( q0] -> -[q0 - q3][q3 ( q0]
[q5 ( q0] -> -[q0 - q4][q4 ( q0]
[q5 ( q0] -> -[q0 - q5][q5 ( q0]
[q5 ( q0] -> -[q0 - q6][q6 ( q0]
[q5 ( q1] -> -[q0 - q0][q0 ( q1]
[q5 ( q1] -> -[q0 - q1][q1 ( q1]
[q5 ( q1] -> -[q0 - q2][q2 ( q1]
[q5 ( q1] -> -[q0 - q3][q3 ( q1]
[q5 ( q1] -> -[q0 - q4][q4 ( q1]
[q5 ( q1] -> -[q0 - q5][q5 ( q1]
[q5 ( q1] -> -[q0 - q6][q6 ( q1]
[q5 ( q2] -> -[q0 - q0][q0 ( q2]
[q5 ( q2] -> -[q0 - q1][q1 ( q2]
[q5 ( q2] -> -[q0 - q2][q2 ( q2]
[q5 ( q2] -> -[q0 - q3][q3 ( q2]
[q5 ( q2] -> -[q0 - q4][q4 ( q2]
[q5 ( q2] -> -[q0 - q5][q5 ( q2]
[q5 ( q2] -> -[q0 - q6][q6 ( q2]
[q5 ( q3] -> -[q0 - q0][q0 ( q3]
[q5 ( q3] -> -[q0 - q1][q1 ( q3]
[q5 ( q3] -> -[q0 - q2][q2 ( q3]
[q5 ( q3] -> -[q0 - q3][q3 ( q3]
[q5 ( q3] -> -[q0 - q4][q4 ( q3]
[q5 ( q3] -> -[q0 - q5][q5 ( q3]
[q5 ( q3] -> -[q0 - q6][q6 ( q3]
[q5 ( q4] -> -[q0 - q0][q0 ( q4]
[q5 ( q4] -> -[q0 - q1][q1 ( q4]
[q5 ( q4] -> -[q0 - q2][q2 ( q4]
[q5 ( q4] -> -[q0 - q3][q3 ( q4]
[q5 ( q4] -> -[q0 - q4][q4 ( q4]
[q5 ( q4] -> -[q0 - q5][q5 ( q4]
[q5 ( q4] -> -[q0 - q6][q6 ( q4]
[q5 ( q5] -> -[q0 - q0][q0 ( q5]
[q5 ( q5] -> -[q0 - q1][q1 ( q5]
[q5 ( q5] -> -[q0 - q2][q2 ( q5]
[q5 ( q5] -> -[q0 - q3][q3 ( q5]
[q5 ( q5] -> -[q0 - q4][q4 ( q5]
[q5 ( q5] -> -[q0 - q5][q5 ( q5]
[q5 ( q5] -> -[q0 - q6][q6 ( q5]
[q5 ( q6] -> -[q0 - q0][q0 ( q6]
[q5 ( q6] -> -[q0 - q1][q1 ( q6]
[q5 ( q6] -> -[q0 - q2][q2 ( q6]
[q5 ( q6] -> -[q0 - q3][q3 ( q6]
[q5 ( q6] -> -[q0 - q4][q4 ( q6]
[q5 ( q6] -> -[q0 - q5][q5 ( q6]
[q5 ( q6] -> -[q0 - q6][q6 ( q6]
[q5 ( q0] -> *[q0 * q0][q0 ( q0]
[q5 ( q0] -> *[q0 * q1][q1 ( q0]
[q5 ( q0] -> *[q0 * q2][q2 ( q0]
[q5 ( q0] -> *[q0 * q3][q3 ( q0]
[q5 ( q0] -> *[q0 * q4][q4 ( q0]
[q5 ( q0] -> *[q0 * q5][q5 ( q0]
[q5 ( q0] -> *[q0 * q6][q6 ( q0]
[q5 ( q1] -> *[q0 * q0][q0 ( q1]
[q5 ( q1] -> *[q0 * q1][q1 ( q1]
[q5 ( q1] -> *[q0 * q2][q2 ( q1]
[q5 ( q1] -> *[q0 * q3][q3 ( q1]
[q5 ( q1] -> *[q0 * q4][q4 ( q1]
[q5 ( q1] -> *[q0 * q5][q5 ( q1]
[q5 ( q1] -> *[q0 * q6][q6 ( q1]
[q5 ( q2] -> *[q0 * q0][q0 ( q2]
[q5 ( q2] -> *[q0 * q1][q1 ( q2]
[q5 ( q2] -> *[q0 * q2][q2 ( q2]
[q5 ( q2] -> *[q0 * q3][q3 ( q2]
[q5 ( q2] -> *[q0 * q4][q4 ( q2]
[q5 ( q2] -> *[q0 * q5][q5 ( q2]
[q5 ( q2] -> *[q0 * q6][q6 ( q2]
[q5 ( q3] -> *[q0 * q0][q0 ( q3]
[q5 ( q3] -> *[q0 * q1][q1 ( q3]
[q5 ( q3] -> *[q0 * q2][q2 ( q3]
[q5 ( q3] -> *[q0 * q3][q3 ( q3]
[q5 ( q3] -> *[q0 * q4][q4 ( q3]
[q5 ( q3] -> *[q0 * q5][q5 ( q3]
[q5 ( q3] -> *[q0 * q6][q6 ( q3]
[q5 ( q4] -> *[q0 * q0][q0 ( q4]
[q5 ( q4] -> *[q0 * q1][q1 ( q4]
[q5 ( q4] -> *[q0 * q2][q2 ( q4]
[q5 ( q4] -> *[q0 * q3][q3 ( q4]
[q5 ( q4] -> *[q0 * q4][q4 ( q4]
[q5 ( q4] -> *[q0 * q5][q5 ( q4]
[q5 ( q4] -> *[q0 * q6][q6 ( q4]
[q5 ( q5] -> *[q0 * q0][q0 ( q5]
[q5 ( q5] -> *[q0 * q1][q1 ( q5]
[q5 ( q5] -> *[q0 * q2][q2 ( q5]
[q5 ( q5] -> *[q0 * q3][q3 ( q5]
[q5 ( q5] -> *[q0 * q4][q4 ( q5]
[q5 ( q5] -> *[q0 * q5][q5 ( q5]
[q5 ( q5] -> *[q0 * q6][q6 ( q5]
[q5 ( q6] -> *[q0 * q0][q0 ( q6]
[q5 ( q6] -> *[q0 * q1][q1 ( q6]
[q5 ( q6] -> *[q0 * q2][q2 ( q6]
[q5 ( q6] -> *[q0 * q3][q3 ( q6]
[q5 ( q6] -> *[q0 * q4][q4 ( q6]
[q5 ( q6] -> *[q0 * q5][q5 ( q6]
[q5 ( q6] -> *[q0 * q6][q6 ( q6]
[q5 ( q0] -> /[q0 / q0][q0 ( q0]
[q5 ( q0] -> /[q0 / q1][q1 ( q0]
[q5 ( q0] -> /[q0 / q2][q2 ( q0]
[q5 ( q0] -> /[q0 / q3][q3 ( q0]
[q5 ( q0] -> /[q0 / q4][q4 ( q0]
[q5 ( q0] -> /[q0 / q5][q5 ( q0]
[q5 ( q0] -> /[q0 / q6][q6 ( q0]
[q5 ( q1] -> /[q0 / q0][q0 ( q1]
[q5 ( q1] -> /[q0 / q1][q1 ( q1]
[q5 ( q1] -> /[q0 / q2][q2 ( q1]
[q5 ( q1] -> /[q0 / q3][q3 ( q1]
[q5 ( q1] -> /[q0 / q4][q4 ( q1]
[q5 ( q1] -> /[q0 / q5][q5 ( q1]
[q5 ( q1] -> /[q0 / q6][q6 ( q1]
[q5 ( q2] -> /[q0 / q0][q0 ( q2]
[q5 ( q2] -> /[q0 / q1][q1 ( q2]
[q5 ( q2] -> /[q0 / q2][q2 ( q2]
[q5 ( q2] -> /[q0 / q3][q3 ( q2]
[q5 ( q2] -> /[q0 / q4][q4 ( q2]
[q5 ( q2] -> /[q0 / q5][q5 ( q2]
[q5 ( q2] -> /[q0 / q6][q6 ( q2]
[q5 ( q3] -> /[q0 / q0][q0 ( q3]
[q5 ( q3] -> /[q0 / q1][q1 ( q3]
[q5 ( q3] -> /[q0 / q2][q2 ( q3]
[q5 ( q3] -> /[q0 / q3][q3 ( q3]
[q5 ( q3] -> /[q0 / q4][q4 ( q3]
[q5 ( q3] -> /[q0 / q5][q5 ( q3]
[q5 ( q3] -> /[q0 / q6][q6 ( q3]
[q5 ( q4] -> /[q0 / q0][q0 ( q4]
[q5 ( q4] -> /[q0 / q1][q1 ( q4]
[q5 ( q4] -> /[q0 / q2][q2 ( q4]
[q5 ( q4] -> /[q0 / q3][q3 ( q4]
[q5 ( q4] -> /[q0 / q4][q4 ( q4]
[q5 ( q4] -> /[q0 / q5][q5 ( q4]
[q5 ( q4] -> /[q0 / q6][q6 ( q4]
[q5 ( q5] -> /[q0 / q0][q0 ( q5]
[q5 ( q5] -> /[q0 / q1][q1 ( q5]
[q5 ( q5] -> /[q0 / q2][q2 ( q5]
[q5 ( q5] -> /[q0 / q3][q3 ( q5]
[q5 ( q5] -> /[q0 / q4][q4 ( q5]
[q5 ( q5] -> /[q0 / q5][q5 ( q5]
[q5 ( q5] -> /[q0 / q6][q6 ( q5]
[q5 ( q6] -> /[q0 / q0][q0 ( q6]
[q5 ( q6] -> /[q0 / q1][q1 ( q6]
[q5 ( q6] -> /[q0 / q2][q2 ( q6]
[q5 ( q6] -> /[q0 / q3][q3 ( q6]
[q5 ( q6] -> /[q0 / q4][q4 ( q6]
[q5 ( q6] -> /[q0 / q5][q5 ( q6]
[q5 ( q6] -> /[q0 / q6][q6 ( q6]
[q5 e q0] -> =[q6 e q0]
[q5 e q1] -> =[q6 e q1]
[q5 e q2] -> =[q6 e q2]
[q5 e q3] -> =[q6 e q3]
[q5 e q4] -> =[q6 e q4]
[q5 e q5] -> =[q6 e q5]
[q5 e q6] -> =[q6 e q6]
[q5 + q0] -> =[q6 + q0]
[q5 + q1] -> =[q6 + q1]
[q5 + q2] -> =[q6 + q2]
[q5 + q3] -> =[q6 + q3]
[q5 + q4] -> =[q6 + q4]
[q5 + q5] -> =[q6 + q5]
[q5 + q6] -> =[q6 + q6]
[q5 - q0] -> =[q6 - q0]
[q5 - q1] -> =[q6 - q1]
[q5 - q2] -> =[q6 - q2]
[q5 - q3] -> =[q6 - q3]
[q5 - q4] -> =[q6 - q4]
[q5 - q5] -> =[q6 - q5]
[q5 - q6] -> =[q6 - q6]
[q5 * q0] -> =[q6 * q0]
[q5 * q1] -> =[q6 * q1]
[q5 * q2] -> =[q6 * q2]
[q5 * q3] -> =[q6 * q3]
[q5 * q4] -> =[q6 * q4]
[q5 * q5] -> =[q6 * q5]
[q5 * q6] -> =[q6 * q6]
[q5 / q0] -> =[q6 / q0]
[q5 / q1] -> =[q6 / q1]
[q5 / q2] -> =[q6 / q2]
[q5 / q3] -> =[q6 / q3]
[q5 / q4] -> =[q6 / q4]
[q5 / q5] -> =[q6 / q5]
[q5 / q6] -> =[q6 / q6]
